#
# A fatal error has been detected by the Java Runtime Environment:
#
#  EXCEPTION_ACCESS_VIOLATION (0xc0000005) at pc=0x00007ff914ce26c4, pid=20192, tid=11012
#
# JRE version: Java(TM) SE Runtime Environment (24.0.1+9) (build 24.0.1+9-30)
# Java VM: Java HotSpot(TM) 64-Bit Server VM (24.0.1+9-30, mixed mode, emulated-client, sharing, tiered, compressed oops, compressed class ptrs, g1 gc, windows-amd64)
# Problematic frame:
# C  [libasyncProfiler.dll+0x926c4]
#
# No core dump will be written. Minidumps are not enabled by default on client versions of Windows
#
# If you would like to submit a bug report, please visit:
#   https://bugreport.java.com/bugreport/crash.jsp
# The crash happened outside the Java Virtual Machine in native code.
# See problematic frame for where to report the bug.
#

---------------  S U M M A R Y ------------

Command Line: -agentlib:jdwp=transport=dt_socket,address=127.0.0.1:58188,suspend=y,server=n -javaagent:C:\Users\ADMIN\AppData\Local\JetBrains\IntelliJIdea2025.1\captureAgent\debugger-agent.jar=file:///C:/Users/ADMIN/AppData/Local/Temp/capture15498639244889565825.props -agentpath:C:\Users\ADMIN\AppData\Local\Temp\idea_libasyncProfiler_dll_temp_folder\libasyncProfiler.dll=version,jfr,event=wall,interval=10ms,cstack=no,file=C:\Users\ADMIN\IdeaSnapshots\BeProductApiApplication_2025_06_09_102716.jfr,dbghelppath=C:\Users\ADMIN\AppData\Local\Temp\idea_dbghelp_dll_temp_folder\dbghelp.dll,log=C:\Users\ADMIN\AppData\Local\Temp\BeProductApiApplication_2025_06_09_102716.jfr.log.txt,logLevel=DEBUG -XX:TieredStopAtLevel=1 -Dspring.output.ansi.enabled=always -Dcom.sun.management.jmxremote -Dspring.jmx.enabled=true -Dspring.liveBeansView.mbeanDomain -Dspring.application.admin.enabled=true -Dmanagement.endpoints.jmx.exposure.include=* -Dkotlinx.coroutines.debug.enable.creation.stack.trace=false -Ddebugger.agent.enable.coroutines=true -Dkotlinx.coroutines.debug.enable.flows.stack.trace=true -Dkotlinx.coroutines.debug.enable.mutable.state.flows.stack.trace=true -Dfile.encoding=UTF-8 -Dsun.stdout.encoding=UTF-8 -Dsun.stderr.encoding=UTF-8 product.api.BeProductApiApplication

Host: 12th Gen Intel(R) Core(TM) i7-12650H, 16 cores, 15G,  Windows 11 , 64 bit Build 22621 (10.0.22621.1635)
Time: Mon Jun  9 10:27:33 2025 SE Asia Standard Time elapsed time: 16.611090 seconds (0d 0h 0m 16s)

---------------  T H R E A D  ---------------

Current thread (0x0000022f4112ec80):  JavaThread "Attach Listener" daemon [_thread_in_native, id=11012, stack(0x000000c040c00000,0x000000c040d00000) (1024K)]

Stack: [0x000000c040c00000,0x000000c040d00000],  sp=0x000000c040cfed10,  free space=1019k
Native frames: (J=compiled Java code, j=interpreted, Vv=VM code, C=native code)
C  [libasyncProfiler.dll+0x926c4]  (no source info available)
C  [libasyncProfiler.dll+0x92b9b]  (no source info available)
C  [libasyncProfiler.dll+0x917f4]  (no source info available)
C  [libasyncProfiler.dll+0x9206a]  (no source info available)
C  [libasyncProfiler.dll+0x8cc21]  (no source info available)
C  [libasyncProfiler.dll+0x7e5e1]  (no source info available)
C  [libasyncProfiler.dll+0x7d2f8]  (no source info available)
C  [libasyncProfiler.dll+0x7d1e0]  (no source info available)
C  [libasyncProfiler.dll+0x841b9]  (no source info available)
V  [jvm.dll+0x57eff7]  (no source info available)
V  [jvm.dll+0x57fdac]  (no source info available)
V  [jvm.dll+0x14ca17]  (no source info available)
V  [jvm.dll+0x14dfe1]  (no source info available)
V  [jvm.dll+0x42f456]  (no source info available)
V  [jvm.dll+0x87d76b]  (no source info available)
V  [jvm.dll+0x72ee55]  (no source info available)
C  [ucrtbase.dll+0x29363]  (no source info available)
C  [KERNEL32.DLL+0x126ad]  (no source info available)
C  [ntdll.dll+0x5a9f8]  (no source info available)


siginfo: EXCEPTION_ACCESS_VIOLATION (0xc0000005), reading address 0xffffffffffffffff


Registers:
RAX=0x0000000000000010, RBX=0x0000000000000000, RCX=0xffffffffffffffff, RDX=0x007ff8f56e301010
RSP=0x000000c040cfed10, RBP=0x0000022f478b4f88, RSI=0x000000c040cfee80, RDI=0x0000022f478b4f88
R8 =0x0000000000000042, R9 =0x0000000704c00000, R10=0x00007ff8f5959fb0, R11=0x0000000000000032
R12=0x000000c040cfee80, R13=0x0000022f6a96bb50, R14=0x0000022f4112f048, R15=0x0000022f4112f048
RIP=0x00007ff914ce26c4, EFLAGS=0x0000000000010202

XMM[0]=0x0000000000000000 0x0000000000000000
XMM[1]=0x0000000000000000 0x0000000000000000
XMM[2]=0x0000000000000000 0x0000000000000000
XMM[3]=0x0000000000000000 0x0000000000000000
XMM[4]=0x0000000000000000 0x0000000000000000
XMM[5]=0x0000000000000000 0x0000000000000000
XMM[6]=0x0000000000000000 0x0000000000000000
XMM[7]=0x0000000000000000 0x0000000000000000
XMM[8]=0x0000000000000000 0x0000000000000000
XMM[9]=0x0000000000000000 0x0000000000000000
XMM[10]=0x0000000000000000 0x0000000000000000
XMM[11]=0x0000000000000000 0x0000000000000000
XMM[12]=0x0000000000000000 0x0000000000000000
XMM[13]=0x0000000000000000 0x0000000000000000
XMM[14]=0x0000000000000000 0x0000000000000000
XMM[15]=0x0000000000000000 0x0000000000000000
  MXCSR=0x00001fa0


Register to memory mapping:

RAX=0x0000000000000010 is an unknown value
RBX=0x0 is null
RCX=0xffffffffffffffff is an unknown value
RDX=0x007ff8f56e301010 is an unknown value
RSP=0x000000c040cfed10 is pointing into the stack for thread: 0x0000022f4112ec80
RBP=0x0000022f478b4f88 points into unknown readable memory: 0x0000000704c00000 | 00 00 c0 04 07 00 00 00
RSI=0x000000c040cfee80 is pointing into the stack for thread: 0x0000022f4112ec80
RDI=0x0000022f478b4f88 points into unknown readable memory: 0x0000000704c00000 | 00 00 c0 04 07 00 00 00
R8 =0x0000000000000042 is an unknown value
R9 =0x0000000704c00000 is an oop: java.lang.ref.Reference$ReferenceHandler 
{0x0000000704c00000} - klass: 'java/lang/ref/Reference$ReferenceHandler' - flags: 

 - ---- fields (total size 14 words):
 - 'threadLocalRandomProbe' 'I' @12  0 (0x00000000)
 - private volatile 'eetop' 'J' @16  2401978458688 (0x0000022f4112a240)
 - private final 'tid' 'J' @24  15 (0x000000000000000f)
 - 'threadLocalRandomSeed' 'J' @32  0 (0x0000000000000000)
 - injected 'jvmti_thread_state' 'J' @40  2401979829264 (0x0000022f41278c10)
 - 'threadLocalRandomSecondarySeed' 'I' @48  0 (0x00000000)
 - injected 'jvmti_VTMS_transition_disable_count' 'I' @52  0 (0x00000000)
 - injected 'jfr_epoch' 'S' @56  0 (0x0000)
 - volatile 'interrupted' 'Z' @58  false (0x00)
 - injected 'jvmti_is_in_VTMS_transition' 'Z' @59  false (0x00)
 - private volatile 'name' 'Ljava/lang/String;' @60  "Reference Handler"{0x0000000704caa470} (0xe099548e)
 - private volatile 'contextClassLoader' 'Ljava/lang/ClassLoader;' @64  null (0x00000000)
 - private final 'holder' 'Ljava/lang/Thread$FieldHolder;' @68  a 'java/lang/Thread$FieldHolder'{0x0000000705577cd0} (0xe0aaef9a)
 - 'threadLocals' 'Ljava/lang/ThreadLocal$ThreadLocalMap;' @72  null (0x00000000)
 - 'inheritableThreadLocals' 'Ljava/lang/ThreadLocal$ThreadLocalMap;' @76  null (0x00000000)
 - private 'scopedValueBindings' 'Ljava/lang/Object;' @80  a 'java/lang/Class'{0x0000000704c00578} = 'java/lang/Thread' (0xe09800af)
 - final 'interruptLock' 'Ljava/lang/Object;' @84  a 'java/lang/Object'{0x0000000705577cc0} (0xe0aaef98)
 - private volatile 'parkBlocker' 'Ljava/lang/Object;' @88  null (0x00000000)
 - private 'nioBlocker' 'Lsun/nio/ch/Interruptible;' @92  null (0x00000000)
 - private 'cont' 'Ljdk/internal/vm/Continuation;' @96  null (0x00000000)
 - private volatile 'uncaughtExceptionHandler' 'Ljava/lang/Thread$UncaughtExceptionHandler;' @100  null (0x00000000)
 - private 'container' 'Ljdk/internal/vm/ThreadContainer;' @104  null (0x00000000)
 - private volatile 'headStackableScopes' 'Ljdk/internal/vm/StackableScope;' @108  null (0x00000000)
R10=0x00007ff8f5959fb0 jvm.dll
R11=0x0000000000000032 is an unknown value
R12=0x000000c040cfee80 is pointing into the stack for thread: 0x0000022f4112ec80
R13=0x0000022f6a96bb50 points into unknown readable memory: 0x00007ff8f58ca510 | 10 a5 8c f5 f8 7f 00 00
R14=0x0000022f4112f048 points into unknown readable memory: 0x00007ff8f58c17b0 | b0 17 8c f5 f8 7f 00 00
R15=0x0000022f4112f048 points into unknown readable memory: 0x00007ff8f58c17b0 | b0 17 8c f5 f8 7f 00 00

Top of Stack: (sp=0x000000c040cfed10)
0x000000c040cfed10:   000000c040cfee80 0000022f478b4f88   ...@.....O.G/...
0x000000c040cfed20:   0000000000000000 0000022f4112f3d0   ...........A/...
0x000000c040cfed30:   000000000000003f 00007ff914ce2b9b   ?........+......
0x000000c040cfed40:   0000000000000000 0000022f4112f048   ........H..A/...
0x000000c040cfed50:   000000c040cfee01 0000000000000000   ...@............
0x000000c040cfed60:   0000022f4b7400c0 00007ff914ce17f4   ..tK/...........
0x000000c040cfed70:   0000000000000000 000000000000003f   ........?.......
0x000000c040cfed80:   0000000000000000 000000000000003f   ........?.......
0x000000c040cfed90:   0000002200000002 0000022f4b926250   ...."...Pb.K/...
0x000000c040cfeda0:   0000022f4b7400c0 0000022f4b7401bc   ..tK/.....tK/...
0x000000c040cfedb0:   0000022f4b7401bc 00000000000042f4   ..tK/....B......
0x000000c040cfedc0:   0000000000000000 0000000000000000   ................
0x000000c040cfedd0:   0000000000000000 00007ff8f51257d4   .........W......
0x000000c040cfede0:   00007ff914e24ca0 0000000000004ee0   .L.......N......
0x000000c040cfedf0:   00007ff914e24ca0 00000000ffffffff   .L..............
0x000000c040cfee00:   0000000000000000 00007ff914ce206a   ........j ......
0x000000c040cfee10:   0000022f4112f048 0000000000000000   H..A/...........
0x000000c040cfee20:   000000c040cfee89 0000022f6a96bb50   ...@....P..j/...
0x000000c040cfee30:   0000022f4b7554f0 0000000000000000   .TuK/...........
0x000000c040cfee40:   0000000000000000 0000022f4ac90f70   ........p..J/...
0x000000c040cfee50:   0000022f4112f048 00007ff914e24ca0   H..A/....L......
0x000000c040cfee60:   0000000000100000 0000000000001000   ................
0x000000c040cfee70:   000000c040cff018 0000022f4112f048   ...@....H..A/...
0x000000c040cfee80:   0000022f4aea4750 0000022f4aea4f30   PG.J/...0O.J/...
0x000000c040cfee90:   0000022f4aea4f30 00007ff914e24ca0   0O.J/....L......
0x000000c040cfeea0:   0000022f4b758320 0000022f68660000    .uK/.....fh/...
0x000000c040cfeeb0:   000000c040cff150 0000000000008840   P..@....@.......
0x000000c040cfeec0:   000000c040cff330 00007ff914e24cf0   0..@.....L......
0x000000c040cfeed0:   0000000000989680 0000000000989680   ................
0x000000c040cfeee0:   000000c040cfeff0 00007ff914cdcc21   ...@....!.......
0x000000c040cfeef0:   00007ff914e24ca0 00007ff914e24cf8   .L.......L......
0x000000c040cfef00:   00007ff900000000 00007ff900000001   ................

Instructions: (pc=0x00007ff914ce26c4)
  0x00007ff914ce25c4:   cc cc cc cc cc cc cc cc cc cc cc cc cc cc cc cc
  0x00007ff914ce25d4:   cc cc cc cc cc cc cc cc cc cc cc cc cc cc cc cc
  0x00007ff914ce25e4:   cc cc cc cc cc cc cc cc cc cc cc cc cc cc cc cc
  0x00007ff914ce25f4:   cc cc cc cc cc cc cc cc cc cc cc cc cc cc cc cc
  0x00007ff914ce2604:   cc cc cc cc cc cc cc cc cc cc cc cc cc cc cc cc
  0x00007ff914ce2614:   cc cc cc cc cc cc cc cc cc cc cc cc cc cc cc cc
  0x00007ff914ce2624:   cc cc cc cc cc cc cc cc cc cc cc cc cc cc cc cc
  0x00007ff914ce2634:   cc cc cc cc cc cc cc cc cc cc cc cc cc cc cc cc
  0x00007ff914ce2644:   cc cc cc cc cc cc cc cc cc cc cc cc 40 57 48 83
  0x00007ff914ce2654:   ec 20 48 8b f9 48 8b 0d 10 28 14 00 48 85 c9 74
  0x00007ff914ce2664:   20 48 8b 01 48 8d 54 24 38 41 b8 06 00 01 00 4c
  0x00007ff914ce2674:   8b 48 30 41 ff d1 85 c0 75 07 48 8b 4c 24 38 eb
  0x00007ff914ce2684:   02 33 c9 4c 8b 05 ea 28 14 00 48 89 5c 24 30 4d
  0x00007ff914ce2694:   85 c0 74 4a 48 8b 01 48 8b d7 4c 8b 88 28 03 00
  0x00007ff914ce26a4:   00 41 ff d1 48 85 c0 74 35 48 63 0d f8 e6 13 00
  0x00007ff914ce26b4:   48 8b 14 01 48 85 d2 74 15 48 63 05 fc e6 13 00
=>0x00007ff914ce26c4:   8b 04 10 48 8b 5c 24 30 48 83 c4 20 5f c3 b8 ff
  0x00007ff914ce26d4:   ff ff ff 48 8b 5c 24 30 48 83 c4 20 5f c3 80 3d
  0x00007ff914ce26e4:   9b 27 14 00 00 bb ff ff ff ff 74 20 4c 8b 0d 31
  0x00007ff914ce26f4:   24 14 00 4c 8d 44 24 38 48 8b 0d 15 24 14 00 48
  0x00007ff914ce2704:   8b d7 41 ff d1 85 c0 0f 44 5c 24 38 8b c3 48 8b
  0x00007ff914ce2714:   5c 24 30 48 83 c4 20 5f c3 cc cc cc cc cc cc cc
  0x00007ff914ce2724:   cc cc cc cc cc cc cc cc cc cc cc cc cc cc cc cc
  0x00007ff914ce2734:   cc cc cc cc cc cc cc cc cc cc cc cc cc cc cc cc
  0x00007ff914ce2744:   cc cc cc cc cc cc cc cc cc cc cc cc 48 89 54 24
  0x00007ff914ce2754:   10 53 55 56 57 41 56 41 57 48 83 ec 28 48 8b f2
  0x00007ff914ce2764:   4c 8b f1 48 89 4c 24 78 45 33 ff 44 89 7c 24 68
  0x00007ff914ce2774:   c7 44 24 60 01 00 00 00 48 8d 4c 24 68 e8 ed 42
  0x00007ff914ce2784:   f7 ff 8b d8 48 8d 4c 24 60 e8 e1 42 f7 ff 8b e8
  0x00007ff914ce2794:   49 8b ce e8 00 fc f6 ff 48 8b f8 90 8b c3 f0 0f
  0x00007ff914ce27a4:   b1 2f 74 04 f3 90 eb f4 4c 89 3e 4c 89 7e 08 4c
  0x00007ff914ce27b4:   89 7e 10 49 8b 6e 08 4d 8b 76 10 49 3b ee 0f 84


Stack slot to memory mapping:

stack at sp + 0 slots: 0x000000c040cfee80 is pointing into the stack for thread: 0x0000022f4112ec80
stack at sp + 1 slots: 0x0000022f478b4f88 points into unknown readable memory: 0x0000000704c00000 | 00 00 c0 04 07 00 00 00
stack at sp + 2 slots: 0x0 is null
stack at sp + 3 slots: 0x0000022f4112f3d0 points into unknown readable memory: 0x6e616c2e6176616a | 6a 61 76 61 2e 6c 61 6e
stack at sp + 4 slots: 0x000000000000003f is an unknown value
stack at sp + 5 slots: 0x00007ff914ce2b9b libasyncProfiler.dll
stack at sp + 6 slots: 0x0 is null
stack at sp + 7 slots: 0x0000022f4112f048 points into unknown readable memory: 0x00007ff8f58c17b0 | b0 17 8c f5 f8 7f 00 00

Lock stack of current Java thread (top to bottom):


---------------  P R O C E S S  ---------------

Threads class SMR info:
_java_thread_list=0x0000022f4b7331b0, length=37, elements={
0x0000022f4112a240, 0x0000022f4112aa80, 0x0000022f4112c040, 0x0000022f4112ec80,
0x0000022f411317c0, 0x0000022f4113a300, 0x0000022f41160f90, 0x0000022f412c6320,
0x0000022f412c70a0, 0x0000022f412eee40, 0x0000022f41325d40, 0x0000022f4135a400,
0x0000022f4145e710, 0x0000022f467366b0, 0x0000022f46faaaa0, 0x0000022f46fa4b90,
0x0000022f489ca6a0, 0x0000022f489cfe60, 0x0000022f489c90b0, 0x0000022f49a34bc0,
0x0000022f49a31890, 0x0000022f4af3a740, 0x0000022f4af3e910, 0x0000022f4af3cbd0,
0x0000022f4af3da70, 0x0000022f4af3f060, 0x0000022f4af3e1c0, 0x0000022f4a550120,
0x0000022f4b52d880, 0x0000022f4b52d130, 0x0000022f4b52e720, 0x0000022f4b52dfd0,
0x0000022f4b528f60, 0x0000022f4b52ee70, 0x0000022f4b52f5c0, 0x0000022f4b916a00,
0x0000022f4b912830
}

Java Threads: ( => current thread )
  0x0000022f4112a240 JavaThread "Reference Handler"          daemon [_thread_blocked, id=19768, stack(0x000000c040900000,0x000000c040a00000) (1024K)]
  0x0000022f4112aa80 JavaThread "Finalizer"                  daemon [_thread_blocked, id=20212, stack(0x000000c040a00000,0x000000c040b00000) (1024K)]
  0x0000022f4112c040 JavaThread "Signal Dispatcher"          daemon [_thread_blocked, id=20060, stack(0x000000c040b00000,0x000000c040c00000) (1024K)]
=>0x0000022f4112ec80 JavaThread "Attach Listener"            daemon [_thread_in_native, id=11012, stack(0x000000c040c00000,0x000000c040d00000) (1024K)]
  0x0000022f411317c0 JavaThread "Service Thread"             daemon [_thread_blocked, id=19576, stack(0x000000c040d00000,0x000000c040e00000) (1024K)]
  0x0000022f4113a300 JavaThread "Monitor Deflation Thread"   daemon [_thread_blocked, id=11776, stack(0x000000c040e00000,0x000000c040f00000) (1024K)]
  0x0000022f41160f90 JavaThread "C1 CompilerThread0"         daemon [_thread_blocked, id=10852, stack(0x000000c040f00000,0x000000c041000000) (1024K)]
  0x0000022f412c6320 JavaThread "JDWP Transport Listener: dt_socket" daemon [_thread_blocked, id=5612, stack(0x000000c041200000,0x000000c041300000) (1024K)]
  0x0000022f412c70a0 JavaThread "JDWP Event Helper Thread"   daemon [_thread_blocked, id=11692, stack(0x000000c041300000,0x000000c041400000) (1024K)]
  0x0000022f412eee40 JavaThread "JDWP Command Reader"        daemon [_thread_in_native, id=1884, stack(0x000000c041400000,0x000000c041500000) (1024K)]
  0x0000022f41325d40 JavaThread "Common-Cleaner"             daemon [_thread_blocked, id=10332, stack(0x000000c041500000,0x000000c041600000) (1024K)]
  0x0000022f4135a400 JavaThread "IntelliJ Suspend Helper"    daemon [_thread_blocked, id=2412, stack(0x000000c041600000,0x000000c041700000) (1024K)]
  0x0000022f4145e710 JavaThread "Notification Thread"        daemon [_thread_blocked, id=3856, stack(0x000000c041700000,0x000000c041800000) (1024K)]
  0x0000022f467366b0 JavaThread "RMI TCP Accept-0"           daemon [_thread_in_native, id=19888, stack(0x000000c041900000,0x000000c041a00000) (1024K)]
  0x0000022f46faaaa0 JavaThread "RMI TCP Connection(idle)"   daemon [_thread_blocked, id=5956, stack(0x000000c042600000,0x000000c042700000) (1024K)]
  0x0000022f46fa4b90 JavaThread "RMI Scheduler(0)"           daemon [_thread_blocked, id=8344, stack(0x000000c042c00000,0x000000c042d00000) (1024K)]
  0x0000022f489ca6a0 JavaThread "Catalina-utility-1"                [_thread_blocked, id=4428, stack(0x000000c042d00000,0x000000c042e00000) (1024K)]
  0x0000022f489cfe60 JavaThread "Catalina-utility-2"                [_thread_blocked, id=7876, stack(0x000000c042e00000,0x000000c042f00000) (1024K)]
  0x0000022f489c90b0 JavaThread "container-0"                       [_thread_blocked, id=11476, stack(0x000000c042f00000,0x000000c043000000) (1024K)]
  0x0000022f49a34bc0 JavaThread "PostgreSQL-JDBC-Cleaner"    daemon [_thread_blocked, id=19136, stack(0x000000c043100000,0x000000c043200000) (1024K)]
  0x0000022f49a31890 JavaThread "HikariPool-1:housekeeper"   daemon [_thread_blocked, id=17580, stack(0x000000c043200000,0x000000c043300000) (1024K)]
  0x0000022f4af3a740 JavaThread "http-nio-8080-exec-1"       daemon [_thread_blocked, id=8568, stack(0x000000c043400000,0x000000c043500000) (1024K)]
  0x0000022f4af3e910 JavaThread "http-nio-8080-exec-2"       daemon [_thread_blocked, id=10264, stack(0x000000c043500000,0x000000c043600000) (1024K)]
  0x0000022f4af3cbd0 JavaThread "http-nio-8080-exec-3"       daemon [_thread_blocked, id=13584, stack(0x000000c043600000,0x000000c043700000) (1024K)]
  0x0000022f4af3da70 JavaThread "http-nio-8080-exec-4"       daemon [_thread_blocked, id=17748, stack(0x000000c043700000,0x000000c043800000) (1024K)]
  0x0000022f4af3f060 JavaThread "http-nio-8080-exec-5"       daemon [_thread_blocked, id=2388, stack(0x000000c043800000,0x000000c043900000) (1024K)]
  0x0000022f4af3e1c0 JavaThread "http-nio-8080-exec-6"       daemon [_thread_blocked, id=19744, stack(0x000000c043900000,0x000000c043a00000) (1024K)]
  0x0000022f4a550120 JavaThread "http-nio-8080-exec-7"       daemon [_thread_blocked, id=13376, stack(0x000000c043a00000,0x000000c043b00000) (1024K)]
  0x0000022f4b52d880 JavaThread "http-nio-8080-exec-8"       daemon [_thread_blocked, id=18708, stack(0x000000c043b00000,0x000000c043c00000) (1024K)]
  0x0000022f4b52d130 JavaThread "http-nio-8080-exec-9"       daemon [_thread_blocked, id=14232, stack(0x000000c043c00000,0x000000c043d00000) (1024K)]
  0x0000022f4b52e720 JavaThread "http-nio-8080-exec-10"      daemon [_thread_blocked, id=8380, stack(0x000000c043d00000,0x000000c043e00000) (1024K)]
  0x0000022f4b52dfd0 JavaThread "http-nio-8080-Poller"       daemon [_thread_in_native, id=3868, stack(0x000000c043e00000,0x000000c043f00000) (1024K)]
  0x0000022f4b528f60 JavaThread "http-nio-8080-Acceptor"     daemon [_thread_in_native, id=13304, stack(0x000000c043f00000,0x000000c044000000) (1024K)]
  0x0000022f4b52ee70 JavaThread "DestroyJavaVM"                     [_thread_blocked, id=11800, stack(0x000000c040100000,0x000000c040200000) (1024K)]
  0x0000022f4b52f5c0 JavaThread "RMI TCP Connection(3)-192.168.1.122" daemon [_thread_in_native, id=8468, stack(0x000000c044000000,0x000000c044100000) (1024K)]
  0x0000022f4b916a00 JavaThread "ForkJoinPool.commonPool-worker-1" daemon [_thread_blocked, id=12180, stack(0x000000c044100000,0x000000c044200000) (1024K)]
  0x0000022f4b912830 JavaThread "ForkJoinPool.commonPool-worker-2" daemon [_thread_blocked, id=17140, stack(0x000000c044200000,0x000000c044300000) (1024K)]
Total: 37

Other Threads:
  0x0000022f6a6bcc50 VMThread "VM Thread"                           [id=10548, stack(0x000000c040800000,0x000000c040900000) (1024K)]
  0x0000022f6a6abb70 WatcherThread "VM Periodic Task Thread"        [id=2280, stack(0x000000c040700000,0x000000c040800000) (1024K)]
  0x0000022f6a595020 WorkerThread "GC Thread#0"                     [id=7396, stack(0x000000c040200000,0x000000c040300000) (1024K)]
  0x0000022f465e63b0 WorkerThread "GC Thread#1"                     [id=19680, stack(0x000000c041a00000,0x000000c041b00000) (1024K)]
  0x0000022f465e6760 WorkerThread "GC Thread#2"                     [id=10092, stack(0x000000c041b00000,0x000000c041c00000) (1024K)]
  0x0000022f465e4d90 WorkerThread "GC Thread#3"                     [id=9488, stack(0x000000c041c00000,0x000000c041d00000) (1024K)]
  0x0000022f6a6bbd90 WorkerThread "GC Thread#4"                     [id=19384, stack(0x000000c041d00000,0x000000c041e00000) (1024K)]
  0x0000022f46f4a680 WorkerThread "GC Thread#5"                     [id=6728, stack(0x000000c041e00000,0x000000c041f00000) (1024K)]
  0x0000022f46f49060 WorkerThread "GC Thread#6"                     [id=18688, stack(0x000000c041f00000,0x000000c042000000) (1024K)]
  0x0000022f46f49410 WorkerThread "GC Thread#7"                     [id=15800, stack(0x000000c042000000,0x000000c042100000) (1024K)]
  0x0000022f46f497c0 WorkerThread "GC Thread#8"                     [id=5068, stack(0x000000c042100000,0x000000c042200000) (1024K)]
  0x0000022f46f4aa30 WorkerThread "GC Thread#9"                     [id=8264, stack(0x000000c042200000,0x000000c042300000) (1024K)]
  0x0000022f46f48900 WorkerThread "GC Thread#10"                    [id=19144, stack(0x000000c042300000,0x000000c042400000) (1024K)]
  0x0000022f46f48550 WorkerThread "GC Thread#11"                    [id=14172, stack(0x000000c042400000,0x000000c042500000) (1024K)]
  0x0000022f46f47690 WorkerThread "GC Thread#12"                    [id=19628, stack(0x000000c042500000,0x000000c042600000) (1024K)]
  0x0000022f6a5a9ad0 ConcurrentGCThread "G1 Main Marker"            [id=20096, stack(0x000000c040300000,0x000000c040400000) (1024K)]
  0x0000022f6a5aa5e0 WorkerThread "G1 Conc#0"                       [id=10336, stack(0x000000c040400000,0x000000c040500000) (1024K)]
  0x0000022f476bf640 WorkerThread "G1 Conc#1"                       [id=7272, stack(0x000000c042a00000,0x000000c042b00000) (1024K)]
  0x0000022f476c1b20 WorkerThread "G1 Conc#2"                       [id=20304, stack(0x000000c042b00000,0x000000c042c00000) (1024K)]
  0x0000022f6a685fa0 ConcurrentGCThread "G1 Refine#0"               [id=17200, stack(0x000000c040500000,0x000000c040600000) (1024K)]
  0x0000022f6a6889d0 ConcurrentGCThread "G1 Service"                [id=13876, stack(0x000000c040600000,0x000000c040700000) (1024K)]
Total: 21

Threads with active compile tasks:
Total: 0

VM state: not at safepoint (normal execution)

VM Mutex/Monitor currently owned by a thread: None

Heap address: 0x0000000704800000, size: 4024 MB, Compressed Oops mode: Zero based, Oop shift amount: 3

CDS archive(s) mapped at: [0x0000022f00000000-0x0000022f00d40000-0x0000022f00d40000), size 13893632, SharedBaseAddress: 0x0000022f00000000, ArchiveRelocationMode: 1.
Compressed class space mapped at: 0x0000022f01000000-0x0000022f41000000, reserved size: 1073741824
UseCompressedClassPointers 1, UseCompactObjectHeaders 0
Narrow klass pointer bits 32, Max shift 3
Narrow klass base: 0x0000022f00000000, Narrow klass shift: 0
Encoding Range: [0x0000022f00000000 - 0x0000023000000000), (4294967296 bytes)
Klass Range:    [0x0000022f00000000 - 0x0000022f41000000), (1090519040 bytes)
Klass ID Range:  [8 - 1090519033) (1090519025)

GC Precious Log:
 CardTable entry size: 512
 Card Set container configuration: InlinePtr #cards 4 size 8 Array Of Cards #cards 16 size 48 Howl #buckets 8 coarsen threshold 3686 Howl Bitmap #cards 512 size 80 coarsen threshold 460 Card regions per heap region 1 cards per card region 4096
 CPUs: 16 total, 16 available
 Memory: 16088M
 Large Page Support: Disabled
 NUMA Support: Disabled
 Compressed Oops: Enabled (Zero based)
 Heap Region Size: 2M
 Heap Min Capacity: 8M
 Heap Initial Capacity: 252M
 Heap Max Capacity: 4024M
 Pre-touch: Disabled
 Parallel Workers: 13
 Concurrent Workers: 3
 Concurrent Refinement Workers: 13
 Periodic GC: Disabled

Heap:
 garbage-first heap   total reserved 4120576K, committed 81920K, used 57503K [0x0000000704800000, 0x0000000800000000)
  region size 2048K, 18 young (36864K), 3 survivors (6144K)
 Metaspace       used 73004K, committed 73664K, reserved 1179648K
  class space    used 8001K, committed 8256K, reserved 1048576K

Heap Regions: E=young(eden), S=young(survivor), O=old, HS=humongous(starts), HC=humongous(continues), CS=collection set, F=free, TAMS=top-at-mark-start, PB=parsable bottom
|   0|0x0000000704800000, 0x0000000704a00000, 0x0000000704a00000|100%| O|  |TAMS 0x0000000704800000| PB 0x0000000704800000| Untracked |  0
|   1|0x0000000704a00000, 0x0000000704c00000, 0x0000000704c00000|100%| O|  |TAMS 0x0000000704a00000| PB 0x0000000704a00000| Untracked |  0
|   2|0x0000000704c00000, 0x0000000704e00000, 0x0000000704e00000|100%| O|  |TAMS 0x0000000704c00000| PB 0x0000000704c00000| Untracked |  0
|   3|0x0000000704e00000, 0x0000000705000000, 0x0000000705000000|100%| O|  |TAMS 0x0000000704e00000| PB 0x0000000704e00000| Untracked |  0
|   4|0x0000000705000000, 0x0000000705200000, 0x0000000705200000|100%| O|  |TAMS 0x0000000705000000| PB 0x0000000705000000| Untracked |  0
|   5|0x0000000705200000, 0x0000000705400000, 0x0000000705400000|100%| O|  |TAMS 0x0000000705200000| PB 0x0000000705200000| Untracked |  0
|   6|0x0000000705400000, 0x0000000705600000, 0x0000000705600000|100%| O|  |TAMS 0x0000000705400000| PB 0x0000000705400000| Untracked |  0
|   7|0x0000000705600000, 0x0000000705800000, 0x0000000705800000|100%| O|  |TAMS 0x0000000705600000| PB 0x0000000705600000| Untracked |  0
|   8|0x0000000705800000, 0x0000000705a00000, 0x0000000705a00000|100%| O|  |TAMS 0x0000000705800000| PB 0x0000000705800000| Untracked |  0
|   9|0x0000000705a00000, 0x0000000705c00000, 0x0000000705c00000|100%| O|  |TAMS 0x0000000705a00000| PB 0x0000000705a00000| Untracked |  0
|  10|0x0000000705c00000, 0x0000000705e00000, 0x0000000705e00000|100%| O|  |TAMS 0x0000000705c00000| PB 0x0000000705c00000| Untracked |  0
|  11|0x0000000705e00000, 0x0000000706000000, 0x0000000706000000|100%| O|  |TAMS 0x0000000705e00000| PB 0x0000000705e00000| Untracked |  0
|  12|0x0000000706000000, 0x0000000706027fe0, 0x0000000706200000|  7%| O|  |TAMS 0x0000000706000000| PB 0x0000000706000000| Untracked |  0
|  13|0x0000000706200000, 0x0000000706200000, 0x0000000706400000|  0%| F|  |TAMS 0x0000000706200000| PB 0x0000000706200000| Untracked |  0
|  14|0x0000000706400000, 0x0000000706400000, 0x0000000706600000|  0%| F|  |TAMS 0x0000000706400000| PB 0x0000000706400000| Untracked |  0
|  15|0x0000000706600000, 0x0000000706600000, 0x0000000706800000|  0%| F|  |TAMS 0x0000000706600000| PB 0x0000000706600000| Untracked |  0
|  16|0x0000000706800000, 0x0000000706800000, 0x0000000706a00000|  0%| F|  |TAMS 0x0000000706800000| PB 0x0000000706800000| Untracked |  0
|  17|0x0000000706a00000, 0x0000000706a00000, 0x0000000706c00000|  0%| F|  |TAMS 0x0000000706a00000| PB 0x0000000706a00000| Untracked |  0
|  18|0x0000000706c00000, 0x0000000706e00000, 0x0000000706e00000|100%| S|CS|TAMS 0x0000000706c00000| PB 0x0000000706c00000| Complete |  0
|  19|0x0000000706e00000, 0x0000000707000000, 0x0000000707000000|100%| S|CS|TAMS 0x0000000706e00000| PB 0x0000000706e00000| Complete |  0
|  20|0x0000000707000000, 0x0000000707200000, 0x0000000707200000|100%| S|CS|TAMS 0x0000000707000000| PB 0x0000000707000000| Complete |  0
|  21|0x0000000707200000, 0x0000000707200000, 0x0000000707400000|  0%| F|  |TAMS 0x0000000707200000| PB 0x0000000707200000| Untracked |  0
|  22|0x0000000707400000, 0x0000000707400000, 0x0000000707600000|  0%| F|  |TAMS 0x0000000707400000| PB 0x0000000707400000| Untracked |  0
|  23|0x0000000707600000, 0x0000000707600000, 0x0000000707800000|  0%| F|  |TAMS 0x0000000707600000| PB 0x0000000707600000| Untracked |  0
|  24|0x0000000707800000, 0x0000000707800000, 0x0000000707a00000|  0%| F|  |TAMS 0x0000000707800000| PB 0x0000000707800000| Untracked |  0
|  25|0x0000000707a00000, 0x0000000707b6e7f0, 0x0000000707c00000| 71%| E|  |TAMS 0x0000000707a00000| PB 0x0000000707a00000| Complete |  0
|  26|0x0000000707c00000, 0x0000000707e00000, 0x0000000707e00000|100%| E|CS|TAMS 0x0000000707c00000| PB 0x0000000707c00000| Complete |  0
|  27|0x0000000707e00000, 0x0000000708000000, 0x0000000708000000|100%| E|CS|TAMS 0x0000000707e00000| PB 0x0000000707e00000| Complete |  0
|  28|0x0000000708000000, 0x0000000708200000, 0x0000000708200000|100%| E|CS|TAMS 0x0000000708000000| PB 0x0000000708000000| Complete |  0
|  29|0x0000000708200000, 0x0000000708400000, 0x0000000708400000|100%| E|CS|TAMS 0x0000000708200000| PB 0x0000000708200000| Complete |  0
|  30|0x0000000708400000, 0x0000000708600000, 0x0000000708600000|100%| E|CS|TAMS 0x0000000708400000| PB 0x0000000708400000| Complete |  0
|  31|0x0000000708600000, 0x0000000708800000, 0x0000000708800000|100%| E|  |TAMS 0x0000000708600000| PB 0x0000000708600000| Complete |  0
|  32|0x0000000708800000, 0x0000000708a00000, 0x0000000708a00000|100%| E|CS|TAMS 0x0000000708800000| PB 0x0000000708800000| Complete |  0
| 106|0x0000000711c00000, 0x0000000711e00000, 0x0000000711e00000|100%| E|CS|TAMS 0x0000000711c00000| PB 0x0000000711c00000| Complete |  0
| 107|0x0000000711e00000, 0x0000000712000000, 0x0000000712000000|100%| E|CS|TAMS 0x0000000711e00000| PB 0x0000000711e00000| Complete |  0
| 108|0x0000000712000000, 0x0000000712200000, 0x0000000712200000|100%| E|CS|TAMS 0x0000000712000000| PB 0x0000000712000000| Complete |  0
| 109|0x0000000712200000, 0x0000000712400000, 0x0000000712400000|100%| E|CS|TAMS 0x0000000712200000| PB 0x0000000712200000| Complete |  0
| 110|0x0000000712400000, 0x0000000712600000, 0x0000000712600000|100%| E|CS|TAMS 0x0000000712400000| PB 0x0000000712400000| Complete |  0
| 125|0x0000000714200000, 0x0000000714400000, 0x0000000714400000|100%| E|CS|TAMS 0x0000000714200000| PB 0x0000000714200000| Complete |  0
|2011|0x00000007ffe00000, 0x0000000800000000, 0x0000000800000000|100%| E|CS|TAMS 0x00000007ffe00000| PB 0x00000007ffe00000| Complete |  0

Card table byte_map: [0x0000022f77ea0000,0x0000022f78680000] _byte_map_base: 0x0000022f7467c000

Marking Bits: (CMBitMap*) 0x0000022f6a595730
 Bits: [0x0000022f78680000, 0x0000022f7c560000)

Polling page: 0x0000022f6a130000

Metaspace:

Usage:
  Non-class:     63.48 MB used.
      Class:      7.81 MB used.
       Both:     71.29 MB used.

Virtual space:
  Non-class space:      128.00 MB reserved,      63.88 MB ( 50%) committed,  2 nodes.
      Class space:        1.00 GB reserved,       8.06 MB ( <1%) committed,  1 nodes.
             Both:        1.12 GB reserved,      71.94 MB (  6%) committed. 

Chunk freelists:
   Non-Class:  15.22 MB
       Class:  7.89 MB
        Both:  23.11 MB

MaxMetaspaceSize: unlimited
CompressedClassSpaceSize: 1.00 GB
Initial GC threshold: 21.00 MB
Current GC threshold: 94.19 MB
CDS: on
 - commit_granule_bytes: 65536.
 - commit_granule_words: 8192.
 - virtual_space_node_default_size: 8388608.
 - enlarge_chunks_in_place: 1.
UseCompressedClassPointers 1, UseCompactObjectHeaders 0
Narrow klass pointer bits 32, Max shift 3
Narrow klass base: 0x0000022f00000000, Narrow klass shift: 0
Encoding Range: [0x0000022f00000000 - 0x0000023000000000), (4294967296 bytes)
Klass Range:    [0x0000022f00000000 - 0x0000022f41000000), (1090519040 bytes)
Klass ID Range:  [8 - 1090519033) (1090519025)


Internal statistics:

num_allocs_failed_limit: 6.
num_arena_births: 862.
num_arena_deaths: 0.
num_vsnodes_births: 3.
num_vsnodes_deaths: 0.
num_space_committed: 1151.
num_space_uncommitted: 0.
num_chunks_returned_to_freelist: 6.
num_chunks_taken_from_freelist: 3236.
num_chunk_merges: 6.
num_chunk_splits: 2387.
num_chunks_enlarged: 1961.
num_inconsistent_stats: 0.

CodeCache: size=49152Kb used=9461Kb max_used=12817Kb free=39690Kb
 bounds [0x0000022f73a00000, 0x0000022f74690000, 0x0000022f76a00000]
 total_blobs=7180, nmethods=6476, adapters=630, full_count=0
Compilation: enabled, stopped_count=0, restarted_count=0

Compilation events (20 events):
Event: 5.327 Thread 0x0000022f4111b690 6540       1       jdk.internal.event.Event::<init> (5 bytes)
Event: 5.327 Thread 0x0000022f4111b690 nmethod 6540 0x0000022f73c52f88 code [0x0000022f73c53080, 0x0000022f73c53140]
Event: 6.038 Thread 0x0000022f4111b690 6541       1       jdk.internal.event.ThreadSleepEvent::isEnabled (2 bytes)
Event: 6.038 Thread 0x0000022f4111b690 nmethod 6541 0x0000022f73c52988 code [0x0000022f73c52a80, 0x0000022f73c52b48]
Event: 16.573 Thread 0x0000022f41160f90 6543       1       java.io.ObjectInputStream$HandleTable::assign (48 bytes)
Event: 16.574 Thread 0x0000022f41160f90 nmethod 6543 0x0000022f73c52588 code [0x0000022f73c526c0, 0x0000022f73c52910]
Event: 16.574 Thread 0x0000022f41160f90 6547       1       java.io.ObjectInputStream$BlockDataInputStream::readUTFBody (377 bytes)
Event: 16.575 Thread 0x0000022f41160f90 nmethod 6547 0x0000022f73c51808 code [0x0000022f73c51a20, 0x0000022f73c524a0]
Event: 16.575 Thread 0x0000022f41160f90 6544       1       java.io.ObjectInputStream$HandleTable::finish (111 bytes)
Event: 16.575 Thread 0x0000022f41160f90 nmethod 6544 0x0000022f73c51408 code [0x0000022f73c51540, 0x0000022f73c517e8]
Event: 16.575 Thread 0x0000022f41160f90 6545       1       java.io.ObjectInputStream$BlockDataInputStream::readUTF (10 bytes)
Event: 16.575 Thread 0x0000022f41160f90 nmethod 6545 0x0000022f73c51108 code [0x0000022f73c51220, 0x0000022f73c51338]
Event: 16.575 Thread 0x0000022f41160f90 6546       1       java.io.ObjectInputStream$BlockDataInputStream::readUnsignedShort (76 bytes)
Event: 16.576 Thread 0x0000022f41160f90 nmethod 6546 0x0000022f73c50c08 code [0x0000022f73c50d40, 0x0000022f73c51048]
Event: 16.576 Thread 0x0000022f41160f90 6548   !   1       java.io.ObjectInputStream::readObject0 (681 bytes)
Event: 16.577 Thread 0x0000022f41160f90 nmethod 6548 0x0000022f73c4e888 code [0x0000022f73c4ee40, 0x0000022f73c50b58]
Event: 16.577 Thread 0x0000022f41160f90 6550   !   1       jdk.proxy2.$Proxy8::annotationType (28 bytes)
Event: 16.577 Thread 0x0000022f41160f90 nmethod 6550 0x0000022f73c4e488 code [0x0000022f73c4e5c0, 0x0000022f73c4e828]
Event: 16.577 Thread 0x0000022f41160f90 6549       1       java.io.ObjectInputStream$HandleTable::markDependency (175 bytes)
Event: 16.577 Thread 0x0000022f41160f90 nmethod 6549 0x0000022f73c4dc88 code [0x0000022f73c4de20, 0x0000022f73c4e430]

GC Heap History (20 events):
Event: 0.864 GC heap before
{Heap before GC invocations=1 (full 0):
 garbage-first heap   total reserved 4120576K, committed 260096K, used 36181K [0x0000000704800000, 0x0000000800000000)
  region size 2048K, 18 young (36864K), 3 survivors (6144K)
 Metaspace       used 20429K, committed 20736K, reserved 1114112K
  class space    used 2047K, committed 2176K, reserved 1048576K
}
Event: 0.866 GC heap after
{Heap after GC invocations=2 (full 0):
 garbage-first heap   total reserved 4120576K, committed 260096K, used 11856K [0x0000000704800000, 0x0000000800000000)
  region size 2048K, 5 young (10240K), 5 survivors (10240K)
 Metaspace       used 20429K, committed 20736K, reserved 1114112K
  class space    used 2047K, committed 2176K, reserved 1048576K
}
Event: 1.048 GC heap before
{Heap before GC invocations=3 (full 0):
 garbage-first heap   total reserved 4120576K, committed 55296K, used 50768K [0x0000000704800000, 0x0000000800000000)
  region size 2048K, 24 young (49152K), 5 survivors (10240K)
 Metaspace       used 26427K, committed 26752K, reserved 1114112K
  class space    used 2670K, committed 2816K, reserved 1048576K
}
Event: 1.054 GC heap after
{Heap after GC invocations=4 (full 0):
 garbage-first heap   total reserved 4120576K, committed 67584K, used 15537K [0x0000000704800000, 0x0000000800000000)
  region size 2048K, 6 young (12288K), 6 survivors (12288K)
 Metaspace       used 26427K, committed 26752K, reserved 1114112K
  class space    used 2670K, committed 2816K, reserved 1048576K
}
Event: 1.236 GC heap before
{Heap before GC invocations=4 (full 0):
 garbage-first heap   total reserved 4120576K, committed 67584K, used 42161K [0x0000000704800000, 0x0000000800000000)
  region size 2048K, 19 young (38912K), 6 survivors (12288K)
 Metaspace       used 28718K, committed 28992K, reserved 1114112K
  class space    used 2937K, committed 3072K, reserved 1048576K
}
Event: 1.243 GC heap after
{Heap after GC invocations=5 (full 0):
 garbage-first heap   total reserved 4120576K, committed 67584K, used 16790K [0x0000000704800000, 0x0000000800000000)
  region size 2048K, 2 young (4096K), 2 survivors (4096K)
 Metaspace       used 28718K, committed 28992K, reserved 1114112K
  class space    used 2937K, committed 3072K, reserved 1048576K
}
Event: 1.527 GC heap before
{Heap before GC invocations=5 (full 0):
 garbage-first heap   total reserved 4120576K, committed 67584K, used 45462K [0x0000000704800000, 0x0000000800000000)
  region size 2048K, 17 young (34816K), 2 survivors (4096K)
 Metaspace       used 32581K, committed 32960K, reserved 1114112K
  class space    used 3415K, committed 3584K, reserved 1048576K
}
Event: 1.531 GC heap after
{Heap after GC invocations=6 (full 0):
 garbage-first heap   total reserved 4120576K, committed 67584K, used 18115K [0x0000000704800000, 0x0000000800000000)
  region size 2048K, 3 young (6144K), 3 survivors (6144K)
 Metaspace       used 32581K, committed 32960K, reserved 1114112K
  class space    used 3415K, committed 3584K, reserved 1048576K
}
Event: 1.629 GC heap before
{Heap before GC invocations=6 (full 0):
 garbage-first heap   total reserved 4120576K, committed 67584K, used 30403K [0x0000000704800000, 0x0000000800000000)
  region size 2048K, 10 young (20480K), 3 survivors (6144K)
 Metaspace       used 34210K, committed 34560K, reserved 1114112K
  class space    used 3651K, committed 3840K, reserved 1048576K
}
Event: 1.634 GC heap after
{Heap after GC invocations=7 (full 0):
 garbage-first heap   total reserved 4120576K, committed 67584K, used 19078K [0x0000000704800000, 0x0000000800000000)
  region size 2048K, 2 young (4096K), 2 survivors (4096K)
 Metaspace       used 34210K, committed 34560K, reserved 1114112K
  class space    used 3651K, committed 3840K, reserved 1048576K
}
Event: 1.935 GC heap before
{Heap before GC invocations=8 (full 0):
 garbage-first heap   total reserved 4120576K, committed 67584K, used 47750K [0x0000000704800000, 0x0000000800000000)
  region size 2048K, 17 young (34816K), 2 survivors (4096K)
 Metaspace       used 39920K, committed 40384K, reserved 1114112K
  class space    used 4228K, committed 4416K, reserved 1048576K
}
Event: 1.938 GC heap after
{Heap after GC invocations=9 (full 0):
 garbage-first heap   total reserved 4120576K, committed 67584K, used 20994K [0x0000000704800000, 0x0000000800000000)
  region size 2048K, 3 young (6144K), 3 survivors (6144K)
 Metaspace       used 39920K, committed 40384K, reserved 1114112K
  class space    used 4228K, committed 4416K, reserved 1048576K
}
Event: 2.292 GC heap before
{Heap before GC invocations=9 (full 0):
 garbage-first heap   total reserved 4120576K, committed 67584K, used 51714K [0x0000000704800000, 0x0000000800000000)
  region size 2048K, 18 young (36864K), 3 survivors (6144K)
 Metaspace       used 47208K, committed 47744K, reserved 1114112K
  class space    used 5004K, committed 5248K, reserved 1048576K
}
Event: 2.295 GC heap after
{Heap after GC invocations=10 (full 0):
 garbage-first heap   total reserved 4120576K, committed 81920K, used 22549K [0x0000000704800000, 0x0000000800000000)
  region size 2048K, 2 young (4096K), 2 survivors (4096K)
 Metaspace       used 47208K, committed 47744K, reserved 1114112K
  class space    used 5004K, committed 5248K, reserved 1048576K
}
Event: 2.724 GC heap before
{Heap before GC invocations=10 (full 0):
 garbage-first heap   total reserved 4120576K, committed 81920K, used 59413K [0x0000000704800000, 0x0000000800000000)
  region size 2048K, 22 young (45056K), 2 survivors (4096K)
 Metaspace       used 57279K, committed 57728K, reserved 1114112K
  class space    used 6078K, committed 6272K, reserved 1048576K
}
Event: 2.727 GC heap after
{Heap after GC invocations=11 (full 0):
 garbage-first heap   total reserved 4120576K, committed 81920K, used 24570K [0x0000000704800000, 0x0000000800000000)
  region size 2048K, 2 young (4096K), 2 survivors (4096K)
 Metaspace       used 57279K, committed 57728K, reserved 1114112K
  class space    used 6078K, committed 6272K, reserved 1048576K
}
Event: 3.100 GC heap before
{Heap before GC invocations=12 (full 0):
 garbage-first heap   total reserved 4120576K, committed 81920K, used 65530K [0x0000000704800000, 0x0000000800000000)
  region size 2048K, 22 young (45056K), 2 survivors (4096K)
 Metaspace       used 63843K, committed 64384K, reserved 1114112K
  class space    used 6824K, committed 7040K, reserved 1048576K
}
Event: 3.103 GC heap after
{Heap after GC invocations=13 (full 0):
 garbage-first heap   total reserved 4120576K, committed 81920K, used 27504K [0x0000000704800000, 0x0000000800000000)
  region size 2048K, 3 young (6144K), 3 survivors (6144K)
 Metaspace       used 63843K, committed 64384K, reserved 1114112K
  class space    used 6824K, committed 7040K, reserved 1048576K
}
Event: 3.567 GC heap before
{Heap before GC invocations=13 (full 0):
 garbage-first heap   total reserved 4120576K, committed 81920K, used 66416K [0x0000000704800000, 0x0000000800000000)
  region size 2048K, 22 young (45056K), 3 survivors (6144K)
 Metaspace       used 68744K, committed 69376K, reserved 1114112K
  class space    used 7422K, committed 7680K, reserved 1048576K
}
Event: 3.572 GC heap after
{Heap after GC invocations=14 (full 0):
 garbage-first heap   total reserved 4120576K, committed 81920K, used 30879K [0x0000000704800000, 0x0000000800000000)
  region size 2048K, 3 young (6144K), 3 survivors (6144K)
 Metaspace       used 68744K, committed 69376K, reserved 1114112K
  class space    used 7422K, committed 7680K, reserved 1048576K
}

Dll operation events (13 events):
Event: 0.009 Loaded shared library C:\Program Files\Java\jdk-24\bin\java.dll
Event: 0.010 Loaded shared library C:\Program Files\Java\jdk-24\bin\zip.dll
Event: 0.081 Loaded shared library C:\Program Files\Java\jdk-24\bin\instrument.dll
Event: 0.112 Loaded shared library C:\Program Files\Java\jdk-24\bin\jimage.dll
Event: 0.120 Loaded shared library C:\Program Files\Java\jdk-24\bin\net.dll
Event: 0.121 Loaded shared library C:\Program Files\Java\jdk-24\bin\nio.dll
Event: 0.128 Loaded shared library C:\Program Files\Java\jdk-24\bin\zip.dll
Event: 0.195 Loaded shared library C:\Program Files\Java\jdk-24\bin\management.dll
Event: 0.203 Loaded shared library C:\Program Files\Java\jdk-24\bin\management_ext.dll
Event: 0.361 Loaded shared library C:\Program Files\Java\jdk-24\bin\extnet.dll
Event: 1.002 Loaded shared library C:\Program Files\Java\jdk-24\bin\sunmscapi.dll
Event: 2.037 Loaded shared library C:\Program Files\Java\jdk-24\bin\verify.dll
Event: 16.572 Loaded shared library C:\Users\ADMIN\AppData\Local\Temp\idea_libasyncProfiler_dll_temp_folder\libasyncProfiler.dll

Deoptimization events (20 events):
Event: 16.602 Thread 0x0000022f4af3f060 DEOPT PACKING pc=0x0000022f7449a33c sp=0x000000c0438f9ea0
Event: 16.602 Thread 0x0000022f4af3f060 DEOPT UNPACKING pc=0x0000022f73a55722 sp=0x000000c0438f9310 mode 1
Event: 16.602 Thread 0x0000022f4af3f060 DEOPT PACKING pc=0x0000022f73e6ad51 sp=0x000000c0438f94d0
Event: 16.602 Thread 0x0000022f4af3f060 DEOPT UNPACKING pc=0x0000022f73a55722 sp=0x000000c0438f8978 mode 1
Event: 16.602 Thread 0x0000022f4af3f060 DEOPT PACKING pc=0x0000022f73e6a40c sp=0x000000c0438f9530
Event: 16.602 Thread 0x0000022f4af3f060 DEOPT UNPACKING pc=0x0000022f73a55722 sp=0x000000c0438f89d8 mode 1
Event: 16.602 Thread 0x0000022f4af3f060 DEOPT PACKING pc=0x0000022f7449a33c sp=0x000000c0438f9ea0
Event: 16.602 Thread 0x0000022f4af3f060 DEOPT UNPACKING pc=0x0000022f73a55722 sp=0x000000c0438f9310 mode 1
Event: 16.604 Thread 0x0000022f4af3f060 DEOPT PACKING pc=0x0000022f73e6ad51 sp=0x000000c0438f8f70
Event: 16.604 Thread 0x0000022f4af3f060 DEOPT UNPACKING pc=0x0000022f73a55722 sp=0x000000c0438f8418 mode 1
Event: 16.604 Thread 0x0000022f4af3f060 DEOPT PACKING pc=0x0000022f73e6a40c sp=0x000000c0438f8fd0
Event: 16.604 Thread 0x0000022f4af3f060 DEOPT UNPACKING pc=0x0000022f73a55722 sp=0x000000c0438f8478 mode 1
Event: 16.604 Thread 0x0000022f4af3f060 DEOPT PACKING pc=0x0000022f7449a33c sp=0x000000c0438f9940
Event: 16.604 Thread 0x0000022f4af3f060 DEOPT UNPACKING pc=0x0000022f73a55722 sp=0x000000c0438f8db0 mode 1
Event: 16.604 Thread 0x0000022f4af3f060 DEOPT PACKING pc=0x0000022f73e6ad51 sp=0x000000c0438f8f70
Event: 16.604 Thread 0x0000022f4af3f060 DEOPT UNPACKING pc=0x0000022f73a55722 sp=0x000000c0438f8418 mode 1
Event: 16.604 Thread 0x0000022f4af3f060 DEOPT PACKING pc=0x0000022f73e6a40c sp=0x000000c0438f8fd0
Event: 16.604 Thread 0x0000022f4af3f060 DEOPT UNPACKING pc=0x0000022f73a55722 sp=0x000000c0438f8478 mode 1
Event: 16.604 Thread 0x0000022f4af3f060 DEOPT PACKING pc=0x0000022f7449a33c sp=0x000000c0438f9940
Event: 16.604 Thread 0x0000022f4af3f060 DEOPT UNPACKING pc=0x0000022f73a55722 sp=0x000000c0438f8db0 mode 1

Classes loaded (20 events):
Event: 16.605 Loading class org/hibernate/engine/jdbc/internal/StatementPreparerImpl
Event: 16.605 Loading class org/hibernate/engine/jdbc/internal/StatementPreparerImpl done
Event: 16.606 Loading class org/hibernate/engine/jdbc/internal/StatementPreparerImpl$StatementPreparationTemplate
Event: 16.606 Loading class org/hibernate/engine/jdbc/internal/StatementPreparerImpl$StatementPreparationTemplate done
Event: 16.606 Loading class org/hibernate/engine/jdbc/internal/StatementPreparerImpl$1
Event: 16.606 Loading class org/hibernate/engine/jdbc/internal/StatementPreparerImpl$1 done
Event: 16.606 Loading class org/hibernate/engine/jdbc/internal/StatementPreparerImpl$4
Event: 16.606 Loading class org/hibernate/engine/jdbc/internal/StatementPreparerImpl$4 done
Event: 16.606 Loading class org/hibernate/engine/jdbc/internal/StatementPreparerImpl$QueryStatementPreparationTemplate
Event: 16.606 Loading class org/hibernate/engine/jdbc/internal/StatementPreparerImpl$QueryStatementPreparationTemplate done
Event: 16.607 Loading class org/postgresql/util/IntList
Event: 16.607 Loading class org/postgresql/util/IntList done
Event: 16.607 Loading class org/hibernate/engine/jdbc/spi/JdbcWrapper
Event: 16.607 Loading class org/hibernate/engine/jdbc/spi/JdbcWrapper done
Event: 16.607 Loading class org/hibernate/type/descriptor/JdbcBindingLogging
Event: 16.607 Loading class org/hibernate/type/descriptor/JdbcBindingLogging done
Event: 16.607 Loading class org/postgresql/core/v3/QueryExecutorImpl$1
Event: 16.607 Loading class org/postgresql/core/v3/QueryExecutorImpl$1 done
Event: 16.607 Loading class org/postgresql/core/ResultHandlerDelegate
Event: 16.607 Loading class org/postgresql/core/ResultHandlerDelegate done

Classes unloaded (0 events):
No events

Classes redefined (1 events):
Event: 0.098 Thread 0x0000022f6a6bcc50 redefined class name=java.lang.Throwable, count=1

Internal exceptions (20 events):
Event: 3.136 Thread 0x0000022f6aa1e610 Exception <a 'java/lang/NoSuchMethodError'{0x00000007143d5e38}: 'java.lang.Object java.lang.invoke.DirectMethodHandle$Holder.invokeVirtual(java.lang.Object, java.lang.Object, java.lang.Object, java.lang.Object, java.lang.Object, java.lang.Object, java.lang.Object)'> (0x00000007143d5e38) 
thrown [s\open\src\hotspot\share\interpreter\linkResolver.cpp, line 805]
Event: 3.155 Thread 0x0000022f6aa1e610 Exception <a 'java/io/IOException'{0x000000071224b338}> (0x000000071224b338) 
thrown [s\open\src\hotspot\share\prims\jni.cpp, line 518]
Event: 3.247 Thread 0x0000022f6aa1e610 Exception <a 'java/lang/IncompatibleClassChangeError'{0x00000007086224d0}: Found class java.lang.Object, but interface was expected> (0x00000007086224d0) 
thrown [s\open\src\hotspot\share\interpreter\linkResolver.cpp, line 872]
Event: 3.299 Thread 0x0000022f6aa1e610 Exception <a 'java/lang/NoSuchMethodError'{0x00000007082d70c0}: 'int java.lang.invoke.DirectMethodHandle$Holder.invokeStaticInit(java.lang.Object, java.lang.Object, java.lang.Object, java.lang.Object)'> (0x00000007082d70c0) 
thrown [s\open\src\hotspot\share\interpreter\linkResolver.cpp, line 805]
Event: 3.327 Thread 0x0000022f6aa1e610 Exception <a 'java/lang/NoSuchMethodError'{0x00000007081213f8}: 'java.lang.Object java.lang.invoke.DirectMethodHandle$Holder.invokeVirtual(java.lang.Object, java.lang.Object, java.lang.Object, java.lang.Object, java.lang.Object, java.lang.Object, java.lang.Object, java.lang.Object, java.lang.Object)'> (0x00000007081213f8) 
thrown [s\open\src\hotspot\share\interpreter\linkResolver.cpp, line 805]
Event: 3.349 Thread 0x0000022f6aa1e610 Exception <a 'java/lang/NoSuchMethodError'{0x0000000707f45b88}: 'java.lang.Object java.lang.invoke.DirectMethodHandle$Holder.invokeVirtual(java.lang.Object, java.lang.Object, java.lang.Object, java.lang.Object, java.lang.Object, java.lang.Object, java.lang.Object, java.lang.Object, java.lang.Object, java.lang.Object)'> (0x0000000707f45b88) 
thrown [s\open\src\hotspot\share\interpreter\linkResolver.cpp, line 805]
Event: 3.363 Thread 0x0000022f6aa1e610 Exception <a 'java/lang/NoSuchMethodError'{0x0000000707cedd68}: 'java.lang.Object java.lang.invoke.DirectMethodHandle$Holder.invokeStatic(java.lang.Object, java.lang.Object, java.lang.Object, java.lang.Object, java.lang.Object, java.lang.Object, java.lang.Object, java.lang.Object, java.lang.Object, java.lang.Object, java.lang.Object)'> (0x0000000707cedd68) 
thrown [s\open\src\hotspot\share\interpreter\linkResolver.cpp, line 805]
Event: 3.364 Thread 0x0000022f6aa1e610 Exception <a 'java/lang/NoSuchMethodError'{0x0000000707d22288}: 'java.lang.Object java.lang.invoke.DirectMethodHandle$Holder.invokeStatic(java.lang.Object, java.lang.Object, java.lang.Object, java.lang.Object, java.lang.Object, java.lang.Object, java.lang.Object, java.lang.Object, java.lang.Object, java.lang.Object, java.lang.Object, java.lang.Object)'> (0x0000000707d22288) 
thrown [s\open\src\hotspot\share\interpreter\linkResolver.cpp, line 805]
Event: 3.384 Thread 0x0000022f6aa1e610 Exception <a 'java/lang/IncompatibleClassChangeError'{0x0000000707acfea8}: Found class java.lang.Object, but interface was expected> (0x0000000707acfea8) 
thrown [s\open\src\hotspot\share\interpreter\linkResolver.cpp, line 872]
Event: 3.437 Thread 0x0000022f6aa1e610 Exception <a 'java/lang/NoSuchMethodError'{0x0000000707418758}: 'java.lang.Object java.lang.invoke.DirectMethodHandle$Holder.newInvokeSpecial(java.lang.Object, java.lang.Object, int, java.lang.Object, java.lang.Object)'> (0x0000000707418758) 
thrown [s\open\src\hotspot\share\interpreter\linkResolver.cpp, line 805]
Event: 3.549 Thread 0x0000022f4b528f60 Exception <a 'java/lang/NoSuchMethodError'{0x00000007072f91f8}: 'java.lang.Object java.lang.invoke.DirectMethodHandle$Holder.invokeStatic(java.lang.Object, java.lang.Object, java.lang.Object, int, int)'> (0x00000007072f91f8) 
thrown [s\open\src\hotspot\share\interpreter\linkResolver.cpp, line 805]
Event: 3.549 Thread 0x0000022f4b528f60 Exception <a 'java/lang/NoSuchMethodError'{0x0000000707301250}: 'java.lang.Object java.lang.invoke.DirectMethodHandle$Holder.invokeStaticInit(java.lang.Object, java.lang.Object, java.lang.Object, int, int)'> (0x0000000707301250) 
thrown [s\open\src\hotspot\share\interpreter\linkResolver.cpp, line 805]
Event: 3.576 Thread 0x0000022f4af3a740 Exception <a 'java/lang/NoSuchMethodError'{0x00000007ffe42a60}: 'java.lang.Object java.lang.invoke.DirectMethodHandle$Holder.invokeSpecial(java.lang.Object, java.lang.Object, java.lang.Object, java.lang.Object, java.lang.Object, long)'> (0x00000007ffe42a60) 
thrown [s\open\src\hotspot\share\interpreter\linkResolver.cpp, line 805]
Event: 3.576 Thread 0x0000022f4af3a740 Exception <a 'java/lang/NoSuchMethodError'{0x00000007ffe4b3f8}: 'java.lang.Object java.lang.invoke.DirectMethodHandle$Holder.invokeSpecial(java.lang.Object, java.lang.Object, java.lang.Object, java.lang.Object, java.lang.Object, java.lang.Object, long)'> (0x00000007ffe4b3f8) 
thrown [s\open\src\hotspot\share\interpreter\linkResolver.cpp, line 805]
Event: 3.576 Thread 0x0000022f4af3a740 Exception <a 'java/lang/NoSuchMethodError'{0x00000007ffe53790}: 'java.lang.Object java.lang.invoke.DelegatingMethodHandle$Holder.reinvoke_L(java.lang.Object, java.lang.Object, java.lang.Object, java.lang.Object, java.lang.Object, long)'> (0x00000007ffe53790) 
thrown [s\open\src\hotspot\share\interpreter\linkResolver.cpp, line 805]
Event: 3.577 Thread 0x0000022f4af3a740 Exception <a 'java/lang/NoSuchMethodError'{0x00000007ffe63e78}: 'java.lang.Object java.lang.invoke.Invokers$Holder.linkToTargetMethod(java.lang.Object, java.lang.Object, java.lang.Object, long, java.lang.Object)'> (0x00000007ffe63e78) 
thrown [s\open\src\hotspot\share\interpreter\linkResolver.cpp, line 805]
Event: 3.604 Thread 0x0000022f4af3a740 Exception <a 'java/lang/NoSuchMethodError'{0x0000000714271c98}: 'java.lang.Object java.lang.invoke.DirectMethodHandle$Holder.invokeStatic(java.lang.Object, int, int)'> (0x0000000714271c98) 
thrown [s\open\src\hotspot\share\interpreter\linkResolver.cpp, line 805]
Event: 3.668 Thread 0x0000022f4b52f5c0 Exception <a 'java/lang/NoSuchMethodError'{0x000000071221f4a8}: 'java.lang.Object java.lang.invoke.DirectMethodHandle$Holder.invokeInterface(java.lang.Object, java.lang.Object, java.lang.Object, java.lang.Object, java.lang.Object, java.lang.Object, java.lang.Object)'> (0x000000071221f4a8) 
thrown [s\open\src\hotspot\share\interpreter\linkResolver.cpp, line 805]
Event: 16.589 Thread 0x0000022f4af3f060 Exception <a 'java/lang/NoSuchMethodError'{0x0000000707cc0a68}: 'java.lang.Object java.lang.invoke.DirectMethodHandle$Holder.invokeInterface(java.lang.Object, java.lang.Object, java.lang.Object, java.lang.Object)'> (0x0000000707cc0a68) 
thrown [s\open\src\hotspot\share\interpreter\linkResolver.cpp, line 805]
Event: 16.596 Thread 0x0000022f4af3f060 Exception <a 'java/lang/NoSuchMethodError'{0x0000000707d680c8}: 'void java.lang.invoke.DirectMethodHandle$Holder.invokeSpecialIFC(java.lang.Object, java.lang.Object, int, java.lang.Object, java.lang.Object, java.lang.Object, java.lang.Object)'> (0x0000000707d680c8) 
thrown [s\open\src\hotspot\share\interpreter\linkResolver.cpp, line 805]

VM Operations (20 events):
Event: 3.278 Executing VM operation: HandshakeAllThreads (Deoptimize)
Event: 3.278 Executing VM operation: HandshakeAllThreads (Deoptimize) done
Event: 3.567 Executing VM operation: G1CollectForAllocation (G1 Evacuation Pause)
Event: 3.572 Executing VM operation: G1CollectForAllocation (G1 Evacuation Pause) done
Event: 3.582 Executing VM operation: HandshakeAllThreads (Deoptimize)
Event: 3.582 Executing VM operation: HandshakeAllThreads (Deoptimize) done
Event: 3.747 Executing VM operation: HandshakeAllThreads (Deoptimize)
Event: 3.748 Executing VM operation: HandshakeAllThreads (Deoptimize) done
Event: 3.755 Executing VM operation: HandshakeAllThreads (Deoptimize)
Event: 3.755 Executing VM operation: HandshakeAllThreads (Deoptimize) done
Event: 3.890 Executing VM operation: HandshakeAllThreads (Deoptimize)
Event: 3.890 Executing VM operation: HandshakeAllThreads (Deoptimize) done
Event: 3.924 Executing VM operation: HandshakeAllThreads (Deoptimize)
Event: 3.924 Executing VM operation: HandshakeAllThreads (Deoptimize) done
Event: 6.895 Executing VM operation: get/set locals
Event: 6.895 Executing VM operation: get/set locals done
Event: 6.895 Executing VM operation: get/set locals
Event: 6.895 Executing VM operation: get/set locals done
Event: 16.562 Executing VM operation: ChangeBreakpoints
Event: 16.564 Executing VM operation: ChangeBreakpoints done

Memory protections (0 events):
No events

Nmethod flushes (20 events):
Event: 2.735 Thread 0x0000022f6a6bcc50 flushing  nmethod 0x0000022f73fcdc88
Event: 2.735 Thread 0x0000022f6a6bcc50 flushing  nmethod 0x0000022f742d4808
Event: 2.735 Thread 0x0000022f6a6bcc50 flushing  nmethod 0x0000022f74306d88
Event: 2.735 Thread 0x0000022f6a6bcc50 flushing  nmethod 0x0000022f74307308
Event: 2.735 Thread 0x0000022f6a6bcc50 flushing  nmethod 0x0000022f73e29508
Event: 2.735 Thread 0x0000022f6a6bcc50 flushing  nmethod 0x0000022f73e29f88
Event: 2.735 Thread 0x0000022f6a6bcc50 flushing  nmethod 0x0000022f73e2a408
Event: 2.735 Thread 0x0000022f6a6bcc50 flushing  nmethod 0x0000022f73ebc188
Event: 2.735 Thread 0x0000022f6a6bcc50 flushing  nmethod 0x0000022f7421f908
Event: 2.735 Thread 0x0000022f6a6bcc50 flushing  nmethod 0x0000022f742e9408
Event: 2.735 Thread 0x0000022f6a6bcc50 flushing  nmethod 0x0000022f74399208
Event: 2.735 Thread 0x0000022f6a6bcc50 flushing  nmethod 0x0000022f73da8f08
Event: 2.735 Thread 0x0000022f6a6bcc50 flushing  nmethod 0x0000022f73ef8608
Event: 2.735 Thread 0x0000022f6a6bcc50 flushing  nmethod 0x0000022f73f58888
Event: 2.735 Thread 0x0000022f6a6bcc50 flushing  nmethod 0x0000022f74288b88
Event: 2.735 Thread 0x0000022f6a6bcc50 flushing  nmethod 0x0000022f742ae388
Event: 2.735 Thread 0x0000022f6a6bcc50 flushing  nmethod 0x0000022f742aee88
Event: 2.735 Thread 0x0000022f6a6bcc50 flushing  nmethod 0x0000022f74225788
Event: 2.735 Thread 0x0000022f6a6bcc50 flushing  nmethod 0x0000022f7425cf08
Event: 2.735 Thread 0x0000022f6a6bcc50 flushing  nmethod 0x0000022f74282f88

Events (20 events):
Event: 3.446 Thread 0x0000022f6aa1e610 Thread added: 0x0000022f4b52dfd0
Event: 3.447 Thread 0x0000022f6aa1e610 Thread added: 0x0000022f4b528f60
Event: 3.456 Thread 0x0000022f6aa1e610 Thread exited: 0x0000022f6aa1e610
Event: 3.456 Thread 0x0000022f4b52ee70 Thread added: 0x0000022f4b52ee70
Event: 3.657 Thread 0x0000022f46faaaa0 Thread added: 0x0000022f4b52f5c0
Event: 3.662 Thread 0x0000022f4b52f5c0 Thread exited: 0x0000022f4b52f5c0
Event: 3.666 Thread 0x0000022f467366b0 Thread added: 0x0000022f4b52f5c0
Event: 3.667 Thread 0x0000022f4b52f5c0 Thread added: 0x0000022f4b52a550
Event: 3.670 Thread 0x0000022f4b52a550 Thread exited: 0x0000022f4b52a550
Event: 3.671 Thread 0x0000022f4b52f5c0 Thread added: 0x0000022f4b52a550
Event: 3.675 Thread 0x0000022f4b52a550 Thread exited: 0x0000022f4b52a550
Event: 3.871 Thread 0x0000022f4af3e1c0 Thread added: 0x0000022f4b916a00
Event: 3.872 Thread 0x0000022f4af3e1c0 Thread added: 0x0000022f4b912830
Event: 5.327 Thread 0x0000022f472f40f0 Thread exited: 0x0000022f472f40f0
Event: 5.327 Thread 0x0000022f472f4880 Thread exited: 0x0000022f472f4880
Event: 5.327 Thread 0x0000022f415d76c0 Thread exited: 0x0000022f415d76c0
Event: 5.327 Thread 0x0000022f472f6e50 Thread exited: 0x0000022f472f6e50
Event: 5.327 Thread 0x0000022f4127b6c0 Thread exited: 0x0000022f4127b6c0
Event: 11.039 Thread 0x0000022f4111b690 Thread exited: 0x0000022f4111b690
Event: 16.570 Thread 0x0000022f49a32730 Thread exited: 0x0000022f49a32730


Dynamic libraries:
0x00007ff70c7c0000 - 0x00007ff70c7d0000 	C:\Program Files\Java\jdk-24\bin\java.exe
0x00007ff9a07f0000 - 0x00007ff9a0a04000 	C:\Windows\SYSTEM32\ntdll.dll
0x00007ff99f890000 - 0x00007ff99f952000 	C:\Windows\System32\KERNEL32.DLL
0x00007ff99dcc0000 - 0x00007ff99e063000 	C:\Windows\System32\KERNELBASE.dll
0x00007ff99e3a0000 - 0x00007ff99e4b1000 	C:\Windows\System32\ucrtbase.dll
0x00007ff95c2c0000 - 0x00007ff95c2db000 	C:\Program Files\Java\jdk-24\bin\VCRUNTIME140.dll
0x00007ff951f60000 - 0x00007ff951f76000 	C:\Program Files\Java\jdk-24\bin\jli.dll
0x00007ff9a0280000 - 0x00007ff9a042b000 	C:\Windows\System32\USER32.dll
0x00007ff99dc10000 - 0x00007ff99dc36000 	C:\Windows\System32\win32u.dll
0x00007ff99e860000 - 0x00007ff99e889000 	C:\Windows\System32\GDI32.dll
0x00007ff983d10000 - 0x00007ff983f9e000 	C:\Windows\WinSxS\amd64_microsoft.windows.common-controls_6595b64144ccf1df_6.0.22621.1635_none_270f70857386168e\COMCTL32.dll
0x00007ff99e110000 - 0x00007ff99e228000 	C:\Windows\System32\gdi32full.dll
0x00007ff99f070000 - 0x00007ff99f117000 	C:\Windows\System32\msvcrt.dll
0x00007ff99e070000 - 0x00007ff99e10a000 	C:\Windows\System32\msvcp_win.dll
0x00007ff99f230000 - 0x00007ff99f261000 	C:\Windows\System32\IMM32.DLL
0x00007ff970db0000 - 0x00007ff970dbc000 	C:\Program Files\Java\jdk-24\bin\vcruntime140_1.dll
0x00007ff946650000 - 0x00007ff9466de000 	C:\Program Files\Java\jdk-24\bin\msvcp140.dll
0x00007ff8f4c90000 - 0x00007ff8f5a32000 	C:\Program Files\Java\jdk-24\bin\server\jvm.dll
0x00007ff99e890000 - 0x00007ff99e93e000 	C:\Windows\System32\ADVAPI32.dll
0x00007ff99f180000 - 0x00007ff99f224000 	C:\Windows\System32\sechost.dll
0x00007ff99ee50000 - 0x00007ff99ef67000 	C:\Windows\System32\RPCRT4.dll
0x00007ff9a0510000 - 0x00007ff9a0581000 	C:\Windows\System32\WS2_32.dll
0x00007ff9944f0000 - 0x00007ff994524000 	C:\Windows\SYSTEM32\WINMM.dll
0x00007ff995120000 - 0x00007ff99512a000 	C:\Windows\SYSTEM32\VERSION.dll
0x00007ff99cb20000 - 0x00007ff99cb6d000 	C:\Windows\SYSTEM32\POWRPROF.dll
0x00007ff99cb00000 - 0x00007ff99cb13000 	C:\Windows\SYSTEM32\UMPDC.dll
0x00007ff99cd00000 - 0x00007ff99cd18000 	C:\Windows\SYSTEM32\kernel.appcore.dll
0x00007ff96d460000 - 0x00007ff96d46a000 	C:\Program Files\Java\jdk-24\bin\jimage.dll
0x00007ff99b060000 - 0x00007ff99b28e000 	C:\Windows\SYSTEM32\DBGHELP.DLL
0x00007ff99f480000 - 0x00007ff99f809000 	C:\Windows\System32\combase.dll
0x00007ff9a05a0000 - 0x00007ff9a0677000 	C:\Windows\System32\OLEAUT32.dll
0x00007ff98cfb0000 - 0x00007ff98cfe2000 	C:\Windows\SYSTEM32\dbgcore.DLL
0x00007ff99dc40000 - 0x00007ff99dcbb000 	C:\Windows\System32\bcryptPrimitives.dll
0x00007ff963cc0000 - 0x00007ff963cfc000 	C:\Program Files\Java\jdk-24\bin\jdwp.dll
0x00007ff9986d0000 - 0x00007ff9986df000 	C:\Program Files\Java\jdk-24\bin\instrument.dll
0x00007ff951f40000 - 0x00007ff951f5e000 	C:\Program Files\Java\jdk-24\bin\java.dll
0x00007ff99f280000 - 0x00007ff99f41c000 	C:\Windows\System32\ole32.dll
0x00007ff99f960000 - 0x00007ff9a015a000 	C:\Windows\System32\SHELL32.dll
0x00007ff914c50000 - 0x00007ff914e48000 	C:\Users\ADMIN\AppData\Local\Temp\idea_libasyncProfiler_dll_temp_folder\libasyncProfiler.dll
0x00007ff94fab0000 - 0x00007ff94fac7000 	C:\Program Files\Java\jdk-24\bin\zip.dll
0x00007ff99bbd0000 - 0x00007ff99c49e000 	C:\Windows\SYSTEM32\windows.storage.dll
0x00007ff99ba90000 - 0x00007ff99bbce000 	C:\Windows\SYSTEM32\wintypes.dll
0x00007ff9a0160000 - 0x00007ff9a0251000 	C:\Windows\System32\SHCORE.dll
0x00007ff9a04b0000 - 0x00007ff9a050e000 	C:\Windows\System32\shlwapi.dll
0x00007ff99db40000 - 0x00007ff99db61000 	C:\Windows\SYSTEM32\profapi.dll
0x00007ff9986c0000 - 0x00007ff9986cc000 	C:\Program Files\Java\jdk-24\bin\dt_socket.dll
0x00007ff99c780000 - 0x00007ff99c7ad000 	C:\Windows\SYSTEM32\IPHLPAPI.DLL
0x00007ff99d1c0000 - 0x00007ff99d229000 	C:\Windows\system32\mswsock.dll
0x00007ff96ca40000 - 0x00007ff96ca50000 	C:\Program Files\Java\jdk-24\bin\net.dll
0x00007ff950860000 - 0x00007ff950876000 	C:\Program Files\Java\jdk-24\bin\nio.dll
0x00007ff99c7f0000 - 0x00007ff99c8e3000 	C:\Windows\SYSTEM32\DNSAPI.dll
0x00007ff9a07a0000 - 0x00007ff9a07a9000 	C:\Windows\System32\NSI.dll
0x00007ff995130000 - 0x00007ff99513a000 	C:\Windows\System32\rasadhlp.dll
0x00007ff994f00000 - 0x00007ff994f84000 	C:\Windows\System32\fwpuclnt.dll
0x00007ff995050000 - 0x00007ff99505a000 	C:\Program Files\Java\jdk-24\bin\management.dll
0x00007ff987b70000 - 0x00007ff987b7b000 	C:\Program Files\Java\jdk-24\bin\management_ext.dll
0x00007ff99f270000 - 0x00007ff99f278000 	C:\Windows\System32\PSAPI.DLL
0x00007ff99d420000 - 0x00007ff99d43b000 	C:\Windows\SYSTEM32\CRYPTSP.dll
0x00007ff99ccc0000 - 0x00007ff99ccf5000 	C:\Windows\system32\rsaenh.dll
0x00007ff99d2c0000 - 0x00007ff99d2e8000 	C:\Windows\SYSTEM32\USERENV.dll
0x00007ff99d5e0000 - 0x00007ff99d608000 	C:\Windows\SYSTEM32\bcrypt.dll
0x00007ff99d440000 - 0x00007ff99d44c000 	C:\Windows\SYSTEM32\CRYPTBASE.dll
0x00007ff9702e0000 - 0x00007ff9702f7000 	C:\Windows\system32\napinsp.dll
0x00007ff970240000 - 0x00007ff97025b000 	C:\Windows\system32\pnrpnsp.dll
0x00007ff9701f0000 - 0x00007ff970201000 	C:\Windows\System32\winrnr.dll
0x00007ff995870000 - 0x00007ff995885000 	C:\Windows\system32\wshbth.dll
0x00007ff970180000 - 0x00007ff9701a1000 	C:\Windows\system32\nlansp_c.dll
0x00007ff96b650000 - 0x00007ff96b659000 	C:\Program Files\Java\jdk-24\bin\extnet.dll
0x00007ff995060000 - 0x00007ff99506e000 	C:\Program Files\Java\jdk-24\bin\sunmscapi.dll
0x00007ff99e230000 - 0x00007ff99e397000 	C:\Windows\System32\CRYPT32.dll
0x00007ff99d5b0000 - 0x00007ff99d5de000 	C:\Windows\SYSTEM32\ncrypt.dll
0x00007ff99d570000 - 0x00007ff99d5a7000 	C:\Windows\SYSTEM32\NTASN1.dll
0x00007ff96a600000 - 0x00007ff96a610000 	C:\Program Files\Java\jdk-24\bin\verify.dll
0x00007ff973180000 - 0x00007ff973188000 	C:\Windows\system32\wshunix.dll

JVMTI agents:
jdwp path:C:\Program Files\Java\jdk-24\bin\jdwp.dll, loaded, initialized, options:transport=dt_socket,address=127.0.0.1:58188,suspend=y,server=n
C:\Users\ADMIN\AppData\Local\JetBrains\IntelliJIdea2025.1\captureAgent\debugger-agent.jar path:C:\Program Files\Java\jdk-24\bin\instrument.dll, loaded, initialized, instrumentlib options:file:///C:/Users/ADMIN/AppData/Local/Temp/capture15498639244889565825.props
C:\Users\ADMIN\AppData\Local\Temp\idea_libasyncProfiler_dll_temp_folder\libasyncProfiler.dll path:C:\Users\ADMIN\AppData\Local\Temp\idea_libasyncProfiler_dll_temp_folder\libasyncProfiler.dll, loaded, initialized, options:version,jfr,event=wall,interval=10ms,cstack=no,file=C:\Users\ADMIN\IdeaSnapshots\BeProductApiApplication_2025_06_09_102716.jfr,dbghelppath=C:\Users\ADMIN\AppData\Local\Temp\idea_dbghelp_dll_temp_folder\dbghelp.dll,log=C:\Users\ADMIN\AppData\Local\Temp\BeProductApiApplication_2025_06_09_102716.jfr.log.txt,logLevel=DEBUG

dbghelp: loaded successfully - version: 4.0.5 - missing functions: none
symbol engine: initialized successfully - sym options: 0x614 - pdb path: .;C:\Program Files\Java\jdk-24\bin;C:\Windows\SYSTEM32;C:\Windows\WinSxS\amd64_microsoft.windows.common-controls_6595b64144ccf1df_6.0.22621.1635_none_270f70857386168e;C:\Program Files\Java\jdk-24\bin\server;C:\Users\ADMIN\AppData\Local\Temp\idea_libasyncProfiler_dll_temp_folder

VM Arguments:
jvm_args: -agentlib:jdwp=transport=dt_socket,address=127.0.0.1:58188,suspend=y,server=n -javaagent:C:\Users\ADMIN\AppData\Local\JetBrains\IntelliJIdea2025.1\captureAgent\debugger-agent.jar=file:///C:/Users/ADMIN/AppData/Local/Temp/capture15498639244889565825.props -agentpath:C:\Users\ADMIN\AppData\Local\Temp\idea_libasyncProfiler_dll_temp_folder\libasyncProfiler.dll=version,jfr,event=wall,interval=10ms,cstack=no,file=C:\Users\ADMIN\IdeaSnapshots\BeProductApiApplication_2025_06_09_102716.jfr,dbghelppath=C:\Users\ADMIN\AppData\Local\Temp\idea_dbghelp_dll_temp_folder\dbghelp.dll,log=C:\Users\ADMIN\AppData\Local\Temp\BeProductApiApplication_2025_06_09_102716.jfr.log.txt,logLevel=DEBUG -XX:TieredStopAtLevel=1 -Dspring.output.ansi.enabled=always -Dcom.sun.management.jmxremote -Dspring.jmx.enabled=true -Dspring.liveBeansView.mbeanDomain -Dspring.application.admin.enabled=true -Dmanagement.endpoints.jmx.exposure.include=* -Dkotlinx.coroutines.debug.enable.creation.stack.trace=false -Ddebugger.agent.enable.coroutines=true -Dkotlinx.coroutines.debug.enable.flows.stack.trace=true -Dkotlinx.coroutines.debug.enable.mutable.state.flows.stack.trace=true -Dfile.encoding=UTF-8 -Dsun.stdout.encoding=UTF-8 -Dsun.stderr.encoding=UTF-8 
java_command: product.api.BeProductApiApplication
java_class_path (initial): C:\Users\ADMIN\Desktop\API JAVA\BE-ProductAPI\target\classes;C:\Users\ADMIN\.m2\repository\org\springframework\boot\spring-boot-starter-data-jpa\3.5.0\spring-boot-starter-data-jpa-3.5.0.jar;C:\Users\ADMIN\.m2\repository\org\springframework\boot\spring-boot-starter\3.5.0\spring-boot-starter-3.5.0.jar;C:\Users\ADMIN\.m2\repository\org\springframework\boot\spring-boot\3.5.0\spring-boot-3.5.0.jar;C:\Users\ADMIN\.m2\repository\org\springframework\boot\spring-boot-autoconfigure\3.5.0\spring-boot-autoconfigure-3.5.0.jar;C:\Users\ADMIN\.m2\repository\org\springframework\boot\spring-boot-starter-logging\3.5.0\spring-boot-starter-logging-3.5.0.jar;C:\Users\ADMIN\.m2\repository\ch\qos\logback\logback-classic\1.5.18\logback-classic-1.5.18.jar;C:\Users\ADMIN\.m2\repository\ch\qos\logback\logback-core\1.5.18\logback-core-1.5.18.jar;C:\Users\ADMIN\.m2\repository\org\apache\logging\log4j\log4j-to-slf4j\2.24.3\log4j-to-slf4j-2.24.3.jar;C:\Users\ADMIN\.m2\repository\org\apache\logging\log4j\log4j-api\2.24.3\log4j-api-2.24.3.jar;C:\Users\ADMIN\.m2\repository\org\slf4j\jul-to-slf4j\2.0.17\jul-to-slf4j-2.0.17.jar;C:\Users\ADMIN\.m2\repository\jakarta\annotation\jakarta.annotation-api\2.1.1\jakarta.annotation-api-2.1.1.jar;C:\Users\ADMIN\.m2\repository\org\yaml\snakeyaml\2.4\snakeyaml-2.4.jar;C:\Users\ADMIN\.m2\repository\org\springframework\boot\spring-boot-starter-jdbc\3.5.0\spring-boot-starter-jdbc-3.5.0.jar;C:\Users\ADMIN\.m2\repository\com\zaxxer\HikariCP\6.3.0\HikariCP-6.3.0.jar;C:\Users\ADMIN\.m2\repository\org\springframework\spring-jdbc\6.2.7\spring-jdbc-6.2.7.jar;C:\Users\ADMIN\.m2\repository\org\hibernate\orm\hibernate-core\6.6.15.Final\hibernate-core-6.6.15.Final.jar;C:\Users\ADMIN\.m2\repository\jakarta\persistence\jakarta.persistence-api\3.1.0\jakarta.persistence-api-3.1.0.jar;C:\Users\ADMIN\.m2\repository\jakarta\transaction\jakarta.transaction-api\2.0.1\jakarta.transaction-api-2.0.1.jar;C:\Users\ADMIN\.m2\repository\org\jboss\logging\jboss-logging\3.6.1.Final\jboss-logging-3.6.1.Final.jar;C:\Users\ADMIN\.m2\repository\org\hibernate\common\hibernate-commons-annotations\7.0.3.Final\hibernate-commons-annotations-7.0.3.Final.jar;C:\Users\ADMIN\.m2\repository\io\smallrye\jandex\3.2.0\jandex-3.2.0.jar;C:\Users\ADMIN\.m2\repository\com\fasterxml\classmate\1.7.0\classmate-1.7.0.jar;C:\Users\ADMIN\.m2\repository\net\bytebuddy\byte-buddy\1.17.5\byte-buddy-1.17.5.jar;C:\Users\ADMIN\.m2\repository\org\glassfish\jaxb\jaxb-runtime\4.0.5\jaxb-runtime-4.0.5.jar;C:\Users\ADMIN\.m2\repository\org\glassfish\jaxb\jaxb-core\4.0.5\jaxb-core-4.0.5.jar;C:\Users\ADMIN\.m2\repository\org\eclipse\angus\angus-activation\2.0.2\angus-activation-2.0.2.jar;C:\Users\ADMIN\.m2\repository\org\glassfish\jaxb\txw2\4.0.5\txw2-4.0.5.jar;C:\Users\ADMIN\.m2\repository\com\sun\istack\istack-commons-runtime\4.1.2\istack-commons-runtime-4.1.2.jar;C:\Users\ADMIN\.m2\repository\jakarta\inject\jakarta.inject-api\2.0.1\jakarta.inject-api-2.0.1.jar;C:\Users\ADMIN\.m2\repository\org\antlr\antlr4-runtime\4.13.0\antlr4-runtime-4.13.0.jar;C:\Users\ADMIN\.m2\repository\org\springframework\data\spring-data-jpa\3.5.0\spring-data-jpa-3.5.0.jar;C:\Users\ADMIN\.m2\repository\org\springframework\data\spring-data-commons\3.5.0\spring-data-commons-3.5.0.jar;C:\Users\ADMIN\.m2\repository\org\springframework\spring-orm\6.2.7\spring-orm-6.2.7.jar;C:\Users\ADMIN\.m2\repository\org\springframework\spring-context\6.2.7\spring-context-6.2.7.jar;C:\Users\ADMIN\.m2\repository\org\springframework\spring-aop\6.2.7\spring-aop-6.2.7.jar;C:\Users\ADMIN\.m2\repository\org\springframework\spring-tx\6.2.7\spring-tx-6.2.7.jar;C:\Users\ADMIN\.m2\repository\org\springframework\spring-beans\6.2.7\spring-beans-6.2.7.jar;C:\Users\ADMIN\.m2\repository\org\slf4j\slf4j-api\2.0.17\slf4j-api-2.0.17.jar;C:\Users\ADMIN\.m2\repository\org\springframework\spring-aspects\6.2.7\spring-aspects-6.2.7.jar;C:\Users\ADMIN\.m2\repository\org\aspectj\aspectjweaver\1.9.24\aspectjweaver-1.9.24.jar;C:\Users\ADMIN\.m2\repository\org\springframework\boot\spring-boot-starter-web\3.5.0\spring-boot-starter-web-3.5.0.jar;C:\Users\ADMIN\.m2\repository\org\springframework\boot\spring-boot-starter-json\3.5.0\spring-boot-starter-json-3.5.0.jar;C:\Users\ADMIN\.m2\repository\com\fasterxml\jackson\core\jackson-databind\2.19.0\jackson-databind-2.19.0.jar;C:\Users\ADMIN\.m2\repository\com\fasterxml\jackson\core\jackson-annotations\2.19.0\jackson-annotations-2.19.0.jar;C:\Users\ADMIN\.m2\repository\com\fasterxml\jackson\core\jackson-core\2.19.0\jackson-core-2.19.0.jar;C:\Users\ADMIN\.m2\repository\com\fasterxml\jackson\datatype\jackson-datatype-jdk8\2.19.0\jackson-datatype-jdk8-2.19.0.jar;C:\Users\ADMIN\.m2\repository\com\fasterxml\jackson\datatype\jackson-datatype-jsr310\2.19.0\jackson-datatype-jsr310-2.19.0.jar;C:\Users\ADMIN\.m2\repository\com\fasterxml\jackson\module\jackson-module-parameter-names\2.19.0\jackson-module-parameter-names-2.19.0.jar;C:\Users\ADMIN\.m2\repository\org\springframework\boot\spring-boot-starter-tomcat\3.5.0\spring-boot-starter-tomcat-3.5.0.jar;C:\Users\ADMIN\.m2\repository\org\apache\tomcat\embed\tomcat-embed-core\10.1.41\tomcat-embed-core-10.1.41.jar;C:\Users\ADMIN\.m2\repository\org\apache\tomcat\embed\tomcat-embed-el\10.1.41\tomcat-embed-el-10.1.41.jar;C:\Users\ADMIN\.m2\repository\org\apache\tomcat\embed\tomcat-embed-websocket\10.1.41\tomcat-embed-websocket-10.1.41.jar;C:\Users\ADMIN\.m2\repository\org\springframework\spring-web\6.2.7\spring-web-6.2.7.jar;C:\Users\ADMIN\.m2\repository\io\micrometer\micrometer-observation\1.15.0\micrometer-observation-1.15.0.jar;C:\Users\ADMIN\.m2\repository\io\micrometer\micrometer-commons\1.15.0\micrometer-commons-1.15.0.jar;C:\Users\ADMIN\.m2\repository\org\springframework\spring-webmvc\6.2.7\spring-webmvc-6.2.7.jar;C:\Users\ADMIN\.m2\repository\org\springframework\spring-expression\6.2.7\spring-expression-6.2.7.jar;C:\Users\ADMIN\.m2\repository\org\postgresql\postgresql\42.7.5\postgresql-42.7.5.jar;C:\Users\ADMIN\.m2\repository\org\checkerframework\checker-qual\3.48.3\checker-qual-3.48.3.jar;C:\Users\ADMIN\.m2\repository\org\projectlombok\lombok\1.18.38\lombok-1.18.38.jar;C:\Users\ADMIN\.m2\repository\jakarta\xml\bind\jakarta.xml.bind-api\4.0.2\jakarta.xml.bind-api-4.0.2.jar;C:\Users\ADMIN\.m2\repository\jakarta\activation\jakarta.activation-api\2.1.3\jakarta.activation-api-2.1.3.jar;C:\Users\ADMIN\.m2\repository\org\springframework\spring-core\6.2.7\spring-core-6.2.7.jar;C:\Users\ADMIN\.m2\repository\org\springframework\spring-jcl\6.2.7\spring-jcl-6.2.7.jar;C:\Users\ADMIN\.m2\repository\org\springdoc\springdoc-openapi-starter-webmvc-ui\2.5.0\springdoc-openapi-starter-webmvc-ui-2.5.0.jar;C:\Users\ADMIN\.m2\repository\org\springdoc\springdoc-openapi-starter-webmvc-api\2.5.0\springdoc-openapi-starter-webmvc-api-2.5.0.jar;C:\Users\ADMIN\.m2\repository\org\springdoc\springdoc-openapi-starter-common\2.5.0\springdoc-openapi-starter-common-2.5.0.jar;C:\Users\ADMIN\.m2\repository\io\swagger\core\v3\swagger-core-jakarta\2.2.21\swagger-core-jakarta-2.2.21.jar;C:\Users\ADMIN\.m2\repository\org\apache\commons\commons-lang3\3.17.0\commons-lang3-3.17.0.jar;C:\Users\ADMIN\.m2\repository\io\swagger\core\v3\swagger-annotations-jakarta\2.2.21\swagger-annotations-jakarta-2.2.21.jar;C:\Users\ADMIN\.m2\repository\io\swagger\core\v3\swagger-models-jakarta\2.2.21\swagger-models-jakarta-2.2.21.jar;C:\Users\ADMIN\.m2\repository\jakarta\validation\jakarta.validation-api\3.0.2\jakarta.validation-api-3.0.2.jar;C:\Users\ADMIN\.m2\repository\com\fasterxml\jackson\dataformat\jackson-dataformat-yaml\2.19.0\jackson-dataformat-yaml-2.19.0.jar;C:\Users\ADMIN\.m2\repository\org\webjars\swagger-ui\5.13.0\swagger-ui-5.13.0.jar;C:\Program Files\JetBrains\IntelliJ IDEA 2025.1.2\lib\idea_rt.jar
Launcher Type: SUN_STANDARD

[Global flags]
     intx CICompilerCount                          = 12                                        {product} {ergonomic}
     uint ConcGCThreads                            = 3                                         {product} {ergonomic}
     uint G1ConcRefinementThreads                  = 13                                        {product} {ergonomic}
   size_t G1HeapRegionSize                         = 2097152                                   {product} {ergonomic}
   size_t InitialHeapSize                          = 264241152                                 {product} {ergonomic}
     bool ManagementServer                         = true                                      {product} {command line}
   size_t MarkStackSize                            = 4194304                                   {product} {ergonomic}
   size_t MarkStackSizeMax                         = 536870912                                 {product} {ergonomic}
   size_t MaxHeapSize                              = 4219469824                                {product} {ergonomic}
   size_t MaxNewSize                               = 2531262464                                {product} {ergonomic}
   size_t MinHeapDeltaBytes                        = 2097152                                   {product} {ergonomic}
   size_t MinHeapSize                              = 8388608                                   {product} {ergonomic}
    uintx NonNMethodCodeHeapSize                   = 4096                                   {pd product} {ergonomic}
    uintx NonProfiledCodeHeapSize                  = 0                                      {pd product} {ergonomic}
     bool ProfileInterpreter                       = false                                  {pd product} {command line}
    uintx ProfiledCodeHeapSize                     = 0                                      {pd product} {ergonomic}
   size_t SoftMaxHeapSize                          = 4219469824                             {manageable} {ergonomic}
     intx TieredStopAtLevel                        = 1                                         {product} {command line}
     bool UseCompressedOops                        = true                           {product lp64_product} {ergonomic}
     bool UseG1GC                                  = true                                      {product} {ergonomic}
     bool UseLargePagesIndividualAllocation        = false                                  {pd product} {ergonomic}

Logging:
Log output configuration:
 #0: stdout all=warning uptime,level,tags foldmultilines=false
 #1: stderr all=off uptime,level,tags foldmultilines=false

Environment Variables:
JAVA_HOME=C:\Program Files\Java\jdk-24
PATH=C:\Program Files\Common Files\Oracle\Java\javapath;C:\Windows\system32;C:\Windows;C:\Windows\System32\Wbem;C:\Windows\System32\WindowsPowerShell\v1.0\;C:\Windows\System32\OpenSSH\;C:\Program Files (x86)\NVIDIA Corporation\PhysX\Common;C:\Program Files\NVIDIA Corporation\NVIDIA NvDLISR;C:\Program Files\Git\cmd;%JAVA_HOME%\bin;C:\Program Files\nodejs\;C:\Program Files\Docker\Docker\resources\bin;C:\Users\ADMIN\AppData\Local\Microsoft\WindowsApps;C:\Users\ADMIN\AppData\Local\Programs\Microsoft VS Code\bin;C:\Users\ADMIN\AppData\Roaming\npm
USERNAME=ADMIN
OS=Windows_NT
PROCESSOR_IDENTIFIER=Intel64 Family 6 Model 154 Stepping 3, GenuineIntel
TMP=C:\Users\ADMIN\AppData\Local\Temp
TEMP=C:\Users\ADMIN\AppData\Local\Temp




Periodic native trim disabled

---------------  S Y S T E M  ---------------

OS:
 Windows 11 , 64 bit Build 22621 (10.0.22621.1635)
OS uptime: 0 days 20:13 hours
Hyper-V role detected

CPU: total 16 (initial active 16) (8 cores per cpu, 2 threads per core) family 6 model 154 stepping 3 microcode 0x419, cx8, cmov, fxsr, ht, mmx, 3dnowpref, sse, sse2, sse3, ssse3, sse4.1, sse4.2, popcnt, lzcnt, tsc, tscinvbit, avx, avx2, aes, erms, clmul, bmi1, bmi2, adx, sha, fma, vzeroupper, clflush, clflushopt, clwb, hv, serialize, rdtscp, rdpid, fsrm, gfni, f16c, cet_ibt, cet_ss
Processor Information for processor 0
  Max Mhz: 2300, Current Mhz: 2300, Mhz Limit: 2300
Processor Information for processor 1
  Max Mhz: 2300, Current Mhz: 1506, Mhz Limit: 2300
Processor Information for processor 2
  Max Mhz: 2300, Current Mhz: 2300, Mhz Limit: 2300
Processor Information for processor 3
  Max Mhz: 2300, Current Mhz: 2300, Mhz Limit: 2300
Processor Information for processor 4
  Max Mhz: 2300, Current Mhz: 2300, Mhz Limit: 2300
Processor Information for processor 5
  Max Mhz: 2300, Current Mhz: 2300, Mhz Limit: 2300
Processor Information for processor 6
  Max Mhz: 2300, Current Mhz: 2300, Mhz Limit: 2300
Processor Information for processor 7
  Max Mhz: 2300, Current Mhz: 2300, Mhz Limit: 2300
Processor Information for processor 8
  Max Mhz: 2300, Current Mhz: 2300, Mhz Limit: 2300
Processor Information for processor 9
  Max Mhz: 2300, Current Mhz: 2300, Mhz Limit: 2300
Processor Information for processor 10
  Max Mhz: 2300, Current Mhz: 2300, Mhz Limit: 2300
Processor Information for processor 11
  Max Mhz: 2300, Current Mhz: 1506, Mhz Limit: 2300
Processor Information for processor 12
  Max Mhz: 2300, Current Mhz: 1700, Mhz Limit: 1679
Processor Information for processor 13
  Max Mhz: 2300, Current Mhz: 1500, Mhz Limit: 1679
Processor Information for processor 14
  Max Mhz: 2300, Current Mhz: 1500, Mhz Limit: 1679
Processor Information for processor 15
  Max Mhz: 2300, Current Mhz: 1700, Mhz Limit: 1679

Memory: 4k page, system-wide physical 16088M (3803M free)
TotalPageFile size 20066M (AvailPageFile size 2873M)
current process WorkingSet (physical memory assigned to process): 302M, peak: 302M
current process commit charge ("private bytes"): 363M, peak: 415M

vm_info: Java HotSpot(TM) 64-Bit Server VM (24.0.1+9-30) for windows-amd64 JRE (24.0.1+9-30), built on 2025-03-05T07:23:45Z with MS VC++ 17.6 (VS2022)

END.
